Virtual User Script started at: 06.05.2020 18:05:22
Starting action vuser_init.
Web Turbo Replay of LoadRunner 2020.0.0 for Windows 10; build 793 (ноя 27 2019 19:51:20)  	[MsgId: MMSG-26983]
Run mode: HTML  	[MsgId: MMSG-26993]
Replay user agent: Mozilla/5.0 (Windows NT 10.0; WOW64; Trident/7.0; rv:11.0) like Gecko  	[MsgId: MMSG-26988]
Runtime Settings file: "M:\Dav\3rd_script\\default.cfg"  	[MsgId: MMSG-27141]
vuser_init.c(3): web_reg_save_param started  	[MsgId: MMSG-26355]
vuser_init.c(3): Registering web_reg_save_param was successful  	[MsgId: MMSG-26390]
vuser_init.c(8): web_url("WebTours") started  	[MsgId: MMSG-26355]
vuser_init.c(8): Detected non-resource "http://localhost:1080/WebTours/header.html" in "http://localhost:1080/WebTours/"  	[MsgId: MMSG-26574]
vuser_init.c(8): Detected non-resource "http://localhost:1080/cgi-bin/welcome.pl?signOff=true" in "http://localhost:1080/WebTours/"  	[MsgId: MMSG-26574]
vuser_init.c(8): Found resource "http://localhost:1080/WebTours/images/hp_logo.png" in HTML "http://localhost:1080/WebTours/header.html"  	[MsgId: MMSG-26659]
vuser_init.c(8): Found resource "http://localhost:1080/WebTours/images/webtours.png" in HTML "http://localhost:1080/WebTours/header.html"  	[MsgId: MMSG-26659]
vuser_init.c(8): Detected non-resource "http://localhost:1080/cgi-bin/nav.pl?in=home" in "http://localhost:1080/cgi-bin/welcome.pl?signOff=true"  	[MsgId: MMSG-26574]
vuser_init.c(8): Detected non-resource "http://localhost:1080/WebTours/home.html" in "http://localhost:1080/cgi-bin/welcome.pl?signOff=true"  	[MsgId: MMSG-26574]
vuser_init.c(8): Notify: Saving Parameter "userSession = 128698.057675172zzVQQAzpDtVzzzzHDQHVQptDiAf".
vuser_init.c(8): Found resource "http://localhost:1080/WebTours/images/mer_login.gif" in HTML "http://localhost:1080/cgi-bin/nav.pl?in=home"  	[MsgId: MMSG-26659]
vuser_init.c(8): web_url("WebTours") was successful, 10079 body bytes, 2371 header bytes, 24 chunking overhead bytes  	[MsgId: MMSG-26385]
vuser_init.c(20): Notify: Transaction "TR01_Login" started.
vuser_init.c(22): web_submit_data("login.pl") started  	[MsgId: MMSG-26355]
vuser_init.c(22): Notify: Parameter Substitution: parameter "userSession" =  "128698.057675172zzVQQAzpDtVzzzzHDQHVQptDiAf"
vuser_init.c(22): Notify: Parameter Substitution: parameter "username" =  "jojo"
vuser_init.c(22): Notify: Parameter Substitution: parameter "password" =  "bean"
vuser_init.c(22): Detected non-resource "http://localhost:1080/cgi-bin/nav.pl?page=menu&in=home" in "http://localhost:1080/cgi-bin/login.pl"  	[MsgId: MMSG-26574]
vuser_init.c(22): Detected non-resource "http://localhost:1080/cgi-bin/login.pl?intro=true" in "http://localhost:1080/cgi-bin/login.pl"  	[MsgId: MMSG-26574]
vuser_init.c(22): Found resource "http://localhost:1080/WebTours/images/flights.gif" in HTML "http://localhost:1080/cgi-bin/nav.pl?page=menu&in=home"  	[MsgId: MMSG-26659]
vuser_init.c(22): Found resource "http://localhost:1080/WebTours/images/itinerary.gif" in HTML "http://localhost:1080/cgi-bin/nav.pl?page=menu&in=home"  	[MsgId: MMSG-26659]
vuser_init.c(22): Found resource "http://localhost:1080/WebTours/images/in_home.gif" in HTML "http://localhost:1080/cgi-bin/nav.pl?page=menu&in=home"  	[MsgId: MMSG-26659]
vuser_init.c(22): Found resource "http://localhost:1080/WebTours/images/signoff.gif" in HTML "http://localhost:1080/cgi-bin/nav.pl?page=menu&in=home"  	[MsgId: MMSG-26659]
vuser_init.c(22): web_submit_data("login.pl") was successful, 5779 body bytes, 2031 header bytes, 36 chunking overhead bytes  	[MsgId: MMSG-26385]
vuser_init.c(39): web_set_sockets_option started  	[MsgId: MMSG-26355]
vuser_init.c(39): web_set_sockets_option was successful  	[MsgId: MMSG-26392]
vuser_init.c(41): Notify: Transaction "TR01_Login" ended with a "Pass" status (Duration: 0,1194 Wasted Time: 0,0069).
Ending action vuser_init.
Running Vuser...
Starting iteration 1.
Starting action Action.
Action.c(6): Notify: Saving Parameter "numPassengers = 2".
Action.c(11): Notify: Transaction "TR02_Itinerary" started.
Action.c(13): web_reg_save_param started  	[MsgId: MMSG-26355]
Action.c(13): Registering web_reg_save_param was successful  	[MsgId: MMSG-26390]
Action.c(19): web_reg_save_param started  	[MsgId: MMSG-26355]
Action.c(19): Registering web_reg_save_param was successful  	[MsgId: MMSG-26390]
Action.c(25): web_url("welcome.pl") started  	[MsgId: MMSG-26355]
Action.c(25): Detected non-resource "http://localhost:1080/cgi-bin/nav.pl?page=menu&in=itinerary" in "http://localhost:1080/cgi-bin/welcome.pl?page=itinerary"  	[MsgId: MMSG-26574]
Action.c(25): Detected non-resource "http://localhost:1080/cgi-bin/itinerary.pl" in "http://localhost:1080/cgi-bin/welcome.pl?page=itinerary"  	[MsgId: MMSG-26574]
Action.c(25): Resource "http://localhost:1080/WebTours/images/flights.gif" is in the cache already and will not be downloaded again  	[MsgId: MMSG-26655]
Action.c(25): Found resource "http://localhost:1080/WebTours/images/in_itinerary.gif" in HTML "http://localhost:1080/cgi-bin/nav.pl?page=menu&in=itinerary"  	[MsgId: MMSG-26659]
Action.c(25): Found resource "http://localhost:1080/WebTours/images/home.gif" in HTML "http://localhost:1080/cgi-bin/nav.pl?page=menu&in=itinerary"  	[MsgId: MMSG-26659]
Action.c(25): Resource "http://localhost:1080/WebTours/images/signoff.gif" is in the cache already and will not be downloaded again  	[MsgId: MMSG-26655]
Action.c(25): Notify: Saving Parameter "flightID_1 = 330026697-832-ES".
Action.c(25): Notify: Saving Parameter "flightID_2 = 330009661-1603-JB".
Action.c(25): Notify: Saving Parameter "flightID_3 = 3300251902-23183-CP".
Action.c(25): Notify: Saving Parameter "cgifield_1 = 1".
Action.c(25): Notify: Saving Parameter "cgifield_2 = 3".
Action.c(25): Notify: Saving Parameter "cgifield_3 = 2".
Action.c(25): Found resource "http://localhost:1080/WebTours/images/cancelreservation.gif" in HTML "http://localhost:1080/cgi-bin/itinerary.pl"  	[MsgId: MMSG-26659]
Action.c(25): Found resource "http://localhost:1080/WebTours/images/cancelallreservations.gif" in HTML "http://localhost:1080/cgi-bin/itinerary.pl"  	[MsgId: MMSG-26659]
Action.c(25): Notify: Saving Parameter "flightID_count = 3".
Action.c(25): Notify: Saving Parameter "cgifield_count = 3".
Action.c(25): web_url("welcome.pl") was successful, 9984 body bytes, 1913 header bytes, 37 chunking overhead bytes  	[MsgId: MMSG-26385]
Action.c(35): Notify: Transaction "TR02_Itinerary" ended with a "Pass" status (Duration: 0,1665 Wasted Time: 0,0074).
Action.c(39): Notify: Transaction "TR03_cancel_tickets" started.
Action.c(42): Notify: Parameter Substitution: parameter "flightID_count" =  "3"
Action.c(42): Notify: Saving Parameter "clipboard = 3=on&".
Action.c(46): Notify: Saving Parameter "clipboard = ".
Action.c(50): Notify: Parameter Substitution: parameter "clipboard" =  ""
Action.c(50): Notify: Saving Parameter "clipboard = 1=on&".
Action.c(50): Notify: Parameter Substitution: parameter "clipboard" =  "1=on&"
Action.c(50): Notify: Saving Parameter "clipboard = 1=on&2=on&".
Action.c(50): Notify: Parameter Substitution: parameter "clipboard" =  "1=on&2=on&"
Action.c(50): Notify: Saving Parameter "clipboard = 1=on&2=on&3=on&".
Action.c(53): Notify: Parameter Substitution: parameter "flightID_count" =  "3"
Action.c(55): Notify: Parameter Substitution: parameter "clipboard" =  "1=on&2=on&3=on&"
Action.c(55): Notify: Parameter Substitution: parameter "flightID_1" =  "330026697-832-ES"
Action.c(55): Notify: Saving Parameter "clipboard = 1=on&2=on&3=on&flightID=330026697-832-ES&".
Action.c(61): Notify: Parameter Substitution: parameter "clipboard" =  "1=on&2=on&3=on&flightID=330026697-832-ES&"
Action.c(61): Notify: Parameter Substitution: parameter "cgifield_1" =  "1"
Action.c(61): Notify: Saving Parameter "clipboard = 1=on&2=on&3=on&flightID=330026697-832-ES&.cgifields=1&".
Action.c(53): Notify: Parameter Substitution: parameter "flightID_count" =  "3"
Action.c(55): Notify: Parameter Substitution: parameter "clipboard" =  "1=on&2=on&3=on&flightID=330026697-832-ES&.cgifields=1&"
Action.c(55): Notify: Parameter Substitution: parameter "flightID_2" =  "330009661-1603-JB"
Action.c(55): Notify: Saving Parameter "clipboard = 1=on&2=on&3=on&flightID=330026697-832-ES&.cgifields=1&flightID=330009661-1603-JB&".
Action.c(61): Notify: Parameter Substitution: parameter "clipboard" =  "1=on&2=on&3=on&flightID=330026697-832-ES&.cgifields=1&flightID=330009661-1603-JB&"
Action.c(61): Notify: Parameter Substitution: parameter "cgifield_2" =  "3"
Action.c(61): Notify: Saving Parameter "clipboard = 1=on&2=on&3=on&flightID=330026697-832-ES&.cgifields=1&flightID=330009661-1603-JB&.cgifields=3&".
Action.c(53): Notify: Parameter Substitution: parameter "flightID_count" =  "3"
Action.c(55): Notify: Parameter Substitution: parameter "clipboard" =  "1=on&2=on&3=on&flightID=330026697-832-ES&.cgifields=1&flightID=330009661-1603-JB&.cgifields=3&"
Action.c(55): Notify: Parameter Substitution: parameter "flightID_3" =  "3300251902-23183-CP"
Action.c(55): Notify: Saving Parameter "clipboard = 1=on&2=on&3=on&flightID=330026697-832-ES&.cgifields=1&flightID=330009661-1603-JB&.cgifields=3&flightID=3300251902-23183-CP&".
Action.c(61): Notify: Parameter Substitution: parameter "clipboard" =  "1=on&2=on&3=on&flightID=330026697-832-ES&.cgifields=1&flightID=330009661-1603-JB&.cgifields=3&flightID=3300251902-23183-CP&"
Action.c(61): Notify: Parameter Substitution: parameter "cgifield_3" =  "2"
Action.c(61): Notify: Saving Parameter "clipboard = 1=on&2=on&3=on&flightID=330026697-832-ES&.cgifields=1&flightID=330009661-1603-JB&.cgifields=3&flightID=3300251902-23183-CP&.cgifields=2&".
Action.c(53): Notify: Parameter Substitution: parameter "flightID_count" =  "3"
Action.c(69): Notify: Parameter Substitution: parameter "clipboard" =  "1=on&2=on&3=on&flightID=330026697-832-ES&.cgifields=1&flightID=330009661-1603-JB&.cgifields=3&flightID=3300251902-23183-CP&.cgifields=2&"
Action.c(69): Notify: Saving Parameter "par = 1=on&2=on&3=on&flightID=330026697-832-ES&.cgifields=1&flightID=330009661-1603-JB&.cgifields=3&flightID=3300251902-23183-CP&.cgifields=2&removeFlights.x=36&removeFlights.y=4".
Action.c(72): Notify: Parameter Substitution: parameter "flightID_count" =  "3"
Action.c(72): Notify: Parameter Substitution: parameter "flightID_3" =  "3300251902-23183-CP"
Action.c(72): Notify: Saving Parameter "c_cancelflight = 3300251902-23183-CP".
Action.c(76): web_custom_request("itinerary.pl") started  	[MsgId: MMSG-26355]
Action.c(76): Notify: Parameter Substitution: parameter "par" =  "1=on&2=on&3=on&flightID=330026697-832-ES&.cgifields=1&flightID=330009661-1603-JB&.cgifields=3&flightID=3300251902-23183-CP&.cgifields=2&removeFlights.x=36&removeFlights.y=4"
Action.c(76): web_custom_request("itinerary.pl") was successful, 887 body bytes, 255 header bytes, 12 chunking overhead bytes  	[MsgId: MMSG-26385]
Action.c(109): Notify: Transaction "TR03_cancel_tickets" ended with a "Pass" status (Duration: 0,1248 Wasted Time: 0,0041).
Action.c(113): Notify: Transaction "TR04_Flights" started.
Action.c(115): web_reg_save_param started  	[MsgId: MMSG-26355]
Action.c(115): Registering web_reg_save_param was successful  	[MsgId: MMSG-26390]
Action.c(122): web_reg_save_param started  	[MsgId: MMSG-26355]
Action.c(122): Registering web_reg_save_param was successful  	[MsgId: MMSG-26390]
Action.c(128): web_reg_save_param started  	[MsgId: MMSG-26355]
Action.c(128): Registering web_reg_save_param was successful  	[MsgId: MMSG-26390]
Action.c(134): web_reg_save_param started  	[MsgId: MMSG-26355]
Action.c(134): Registering web_reg_save_param was successful  	[MsgId: MMSG-26390]
Action.c(141): web_reg_save_param started  	[MsgId: MMSG-26355]
Action.c(141): Registering web_reg_save_param was successful  	[MsgId: MMSG-26390]
Action.c(148): web_reg_save_param started  	[MsgId: MMSG-26355]
Action.c(148): Registering web_reg_save_param was successful  	[MsgId: MMSG-26390]
Action.c(155): web_reg_save_param started  	[MsgId: MMSG-26355]
Action.c(155): Registering web_reg_save_param was successful  	[MsgId: MMSG-26390]
Action.c(161): web_url("Search Flights Button") started  	[MsgId: MMSG-26355]
Action.c(161): Detected non-resource "http://localhost:1080/cgi-bin/nav.pl?page=menu&in=flights" in "http://localhost:1080/cgi-bin/welcome.pl?page=search"  	[MsgId: MMSG-26574]
Action.c(161): Detected non-resource "http://localhost:1080/cgi-bin/reservations.pl?page=welcome" in "http://localhost:1080/cgi-bin/welcome.pl?page=search"  	[MsgId: MMSG-26574]
Action.c(161): Found resource "http://localhost:1080/WebTours/images/in_flights.gif" in HTML "http://localhost:1080/cgi-bin/nav.pl?page=menu&in=flights"  	[MsgId: MMSG-26659]
Action.c(161): Resource "http://localhost:1080/WebTours/images/itinerary.gif" is in the cache already and will not be downloaded again  	[MsgId: MMSG-26655]
Action.c(161): Resource "http://localhost:1080/WebTours/images/home.gif" is in the cache already and will not be downloaded again  	[MsgId: MMSG-26655]
Action.c(161): Resource "http://localhost:1080/WebTours/images/signoff.gif" is in the cache already and will not be downloaded again  	[MsgId: MMSG-26655]
Action.c(161): Notify: Saving Parameter "cities_1 = Denver".
Action.c(161): Notify: Saving Parameter "cities_2 = Frankfurt".
Action.c(161): Notify: Saving Parameter "cities_3 = London".
Action.c(161): Notify: Saving Parameter "cities_4 = Los Angeles".
Action.c(161): Notify: Saving Parameter "cities_5 = Paris".
Action.c(161): Notify: Saving Parameter "cities_6 = Portland".
Action.c(161): Notify: Saving Parameter "cities_7 = San Francisco".
Action.c(161): Notify: Saving Parameter "cities_8 = Seattle".
Action.c(161): Notify: Saving Parameter "cities_9 = Sydney".
Action.c(161): Notify: Saving Parameter "cities_10 = Zurich".
Action.c(161): Notify: Saving Parameter "departDate = 05/07/2020".
Action.c(161): Notify: Saving Parameter "cities_11 = Denver".
Action.c(161): Notify: Saving Parameter "cities_12 = Frankfurt".
Action.c(161): Notify: Saving Parameter "cities_13 = London".
Action.c(161): Notify: Saving Parameter "cities_14 = Los Angeles".
Action.c(161): Notify: Saving Parameter "cities_15 = Paris".
Action.c(161): Notify: Saving Parameter "cities_16 = Portland".
Action.c(161): Notify: Saving Parameter "cities_17 = San Francisco".
Action.c(161): Notify: Saving Parameter "cities_18 = Seattle".
Action.c(161): Notify: Saving Parameter "cities_19 = Sydney".
Action.c(161): Notify: Saving Parameter "cities_20 = Zurich".
Action.c(161): Notify: Saving Parameter "returnDate = 05/08/2020".
Action.c(161): Notify: Saving Parameter "randomSeatP_1 = Aisle".
Action.c(161): Notify: Saving Parameter "seatPref_1 = Aisle".
Action.c(161): Notify: Saving Parameter "randomSeatP_2 = Window".
Action.c(161): Notify: Saving Parameter "seatPref_2 = Window".
Action.c(161): Notify: Saving Parameter "randomSeatP_3 = None" checked="checked".
Action.c(161): Notify: Saving Parameter "seatPref_3 = None" checked="checked".
Action.c(161): Notify: Saving Parameter "randomSeatT_1 = First".
Action.c(161): Notify: Saving Parameter "seatType_1 = First".
Action.c(161): Notify: Saving Parameter "randomSeatT_2 = Business".
Action.c(161): Notify: Saving Parameter "seatType_2 = Business".
Action.c(161): Notify: Saving Parameter "randomSeatT_3 = Coach" checked="checked".
Action.c(161): Notify: Saving Parameter "seatType_3 = Coach" checked="checked".
Action.c(161): Found resource "http://localhost:1080/WebTours/images/button_next.gif" in HTML "http://localhost:1080/cgi-bin/reservations.pl?page=welcome"  	[MsgId: MMSG-26659]
Action.c(161): Notify: Saving Parameter "cities_count = 20".
Action.c(161): Notify: Saving Parameter "randomSeatP_count = 3".
Action.c(161): Notify: Saving Parameter "randomSeatT_count = 3".
Action.c(161): Notify: Saving Parameter "seatPref_count = 3".
Action.c(161): Notify: Saving Parameter "seatType_count = 3".
Action.c(161): web_url("Search Flights Button") was successful, 7828 body bytes, 1319 header bytes, 37 chunking overhead bytes  	[MsgId: MMSG-26385]
Action.c(171): web_custom_request("FormDateUpdate.class") started  	[MsgId: MMSG-26355]
Action.c(171): web_custom_request("FormDateUpdate.class") was successful, 0 body bytes, 308 header bytes  	[MsgId: MMSG-26386]
Action.c(180): Notify: Transaction "TR04_Flights" ended with a "Pass" status (Duration: 0,1803 Wasted Time: 0,0128).
Action.c(185): Notify: Transaction "TR05_Find_Flight" started.
Action.c(187): web_reg_save_param started  	[MsgId: MMSG-26355]
Action.c(187): Registering web_reg_save_param was successful  	[MsgId: MMSG-26390]
Action.c(193): Notify: Parameter Substitution: parameter "cities_count" =  "20"
Action.c(193): Notify: Parameter Substitution: parameter "cities_2" =  "Frankfurt"
Action.c(193): Notify: Saving Parameter "depart = Frankfurt".
Action.c(194): Notify: Parameter Substitution: parameter "cities_count" =  "20"
Action.c(194): Notify: Parameter Substitution: parameter "cities_7" =  "San Francisco"
Action.c(194): Notify: Saving Parameter "arrive = San Francisco".
Action.c(196): Notify: Parameter Substitution: parameter "depart" =  "Frankfurt"
Action.c(196): Notify: Parameter Substitution: parameter "arrive" =  "San Francisco"
Action.c(202): Notify: Parameter Substitution: parameter "randomSeatP_count" =  "3"
Action.c(202): Notify: Parameter Substitution: parameter "randomSeatP_1" =  "Aisle"
Action.c(202): Notify: Saving Parameter "seatPref = Aisle".
Action.c(203): Notify: Parameter Substitution: parameter "randomSeatT_count" =  "3"
Action.c(203): Notify: Parameter Substitution: parameter "randomSeatT_3" =  "Coach" checked="checked"
Action.c(203): Notify: Saving Parameter "seatType = Coach" checked="checked".
Action.c(205): web_submit_data("reservations.pl") started  	[MsgId: MMSG-26355]
Action.c(205): Notify: Parameter Substitution: parameter "depart" =  "Frankfurt"
Action.c(205): Notify: Parameter Substitution: parameter "departDate" =  "05/07/2020"
Action.c(205): Notify: Parameter Substitution: parameter "arrive" =  "San Francisco"
Action.c(205): Notify: Parameter Substitution: parameter "returnDate" =  "05/08/2020"
Action.c(205): Notify: Parameter Substitution: parameter "numPassengers" =  "2"
Action.c(205): Notify: Parameter Substitution: parameter "seatPref" =  "Aisle"
Action.c(205): Notify: Parameter Substitution: parameter "seatType" =  "Coach" checked="checked"
Action.c(205): Notify: Saving Parameter "outboundFlight = 160;808;05/07/2020".
Action.c(205): Resource "http://localhost:1080/WebTours/images/button_next.gif" is in the cache already and will not be downloaded again  	[MsgId: MMSG-26655]
Action.c(205): web_submit_data("reservations.pl") was successful, 2485 body bytes, 255 header bytes, 12 chunking overhead bytes  	[MsgId: MMSG-26385]
Action.c(229): Notify: Transaction "TR05_Find_Flight" ended with a "Pass" status (Duration: 0,0870 Wasted Time: 0,0043).
Ending action Action.
Ending iteration 1.
Ending Vuser...
Starting action vuser_end.
vuser_end.c(3): Notify: Transaction "TR06_Sign_Off" started.
vuser_end.c(5): web_url("welcome.pl_2") started  	[MsgId: MMSG-26355]
vuser_end.c(5): Detected non-resource "http://localhost:1080/cgi-bin/nav.pl?in=home" in "http://localhost:1080/cgi-bin/welcome.pl?signOff=1"  	[MsgId: MMSG-26574]
vuser_end.c(5): Detected non-resource "http://localhost:1080/WebTours/home.html" in "http://localhost:1080/cgi-bin/welcome.pl?signOff=1"  	[MsgId: MMSG-26574]
vuser_end.c(5): Retrieving data from cache for "http://localhost:1080/WebTours/home.html"  	[MsgId: MMSG-26558]
vuser_end.c(5): Resource "http://localhost:1080/WebTours/images/mer_login.gif" is in the cache already and will not be downloaded again  	[MsgId: MMSG-26655]
vuser_end.c(5): web_url("welcome.pl_2") was successful, 2176 body bytes, 582 header bytes, 24 chunking overhead bytes  	[MsgId: MMSG-26385]
vuser_end.c(15): Notify: Transaction "TR06_Sign_Off" ended with a "Pass" status (Duration: 0,1363 Wasted Time: 0,0054).
Ending action vuser_end.
Vuser Terminated.
Vuser 0 (thread 20632), ended OK."
