Virtual User Script started at: 14.04.2020 16:53:18	[MsgId: MMSG-15967]
Starting action vuser_init.	[MsgId: MMSG-15919]
Web Turbo Replay of LoadRunner 2020.0.0 for Windows 10; build 793 (íîÿ 27 2019 19:51:20)  	[MsgId: MMSG-26983]
Run mode: HTML  	[MsgId: MMSG-26993]
Replay user agent: Mozilla/5.0 (Windows NT 10.0; WOW64; Trident/7.0; rv:11.0) like Gecko  	[MsgId: MMSG-26988]
Runtime Settings file: "C:\Users\Åóûå\AppData\Local\Temp\lr5tmpdirNmc.500\lrcfgsQD.501\cfgD3H.502"  	[MsgId: MMSG-27141]
vuser_init.c(4): web_url("WebTours") started  	[MsgId: MMSG-26355]
vuser_init.c(4): Detected non-resource "http://localhost:1080/WebTours/header.html" in "http://localhost:1080/WebTours/"  	[MsgId: MMSG-26574]
vuser_init.c(4): Detected non-resource "http://localhost:1080/cgi-bin/welcome.pl?signOff=true" in "http://localhost:1080/WebTours/"  	[MsgId: MMSG-26574]
vuser_init.c(4): Found resource "http://localhost:1080/WebTours/images/hp_logo.png" in HTML "http://localhost:1080/WebTours/header.html"  	[MsgId: MMSG-26659]
vuser_init.c(4): Found resource "http://localhost:1080/WebTours/images/webtours.png" in HTML "http://localhost:1080/WebTours/header.html"  	[MsgId: MMSG-26659]
vuser_init.c(4): Detected non-resource "http://localhost:1080/cgi-bin/nav.pl?in=home" in "http://localhost:1080/cgi-bin/welcome.pl?signOff=true"  	[MsgId: MMSG-26574]
vuser_init.c(4): Detected non-resource "http://localhost:1080/WebTours/home.html" in "http://localhost:1080/cgi-bin/welcome.pl?signOff=true"  	[MsgId: MMSG-26574]
vuser_init.c(4): Found resource "http://localhost:1080/WebTours/images/mer_login.gif" in HTML "http://localhost:1080/cgi-bin/nav.pl?in=home"  	[MsgId: MMSG-26659]
vuser_init.c(4): web_url("WebTours") was successful, 10074 body bytes, 2371 header bytes, 24 chunking overhead bytes  	[MsgId: MMSG-26385]
vuser_init.c(16): web_add_cookie started  	[MsgId: MMSG-26355]
vuser_init.c(16): web_add_cookie was successful  	[MsgId: MMSG-26392]
vuser_init.c(18): web_add_cookie started  	[MsgId: MMSG-26355]
vuser_init.c(18): web_add_cookie was successful  	[MsgId: MMSG-26392]
vuser_init.c(20): web_add_cookie started  	[MsgId: MMSG-26355]
vuser_init.c(20): web_add_cookie was successful  	[MsgId: MMSG-26392]
vuser_init.c(22): web_add_header("UA-CPU") started  	[MsgId: MMSG-26355]
vuser_init.c(22): web_add_header("UA-CPU") was successful  	[MsgId: MMSG-26392]
vuser_init.c(27): web_url("iecompatviewlist.xml") started  	[MsgId: MMSG-26355]
vuser_init.c(27): web_url("iecompatviewlist.xml") was successful, 25995 body bytes, 488 header bytes  	[MsgId: MMSG-26386]
vuser_init.c(37): lr_think_time: 17,00 seconds.	[MsgId: MMSG-15948]
vuser_init.c(40): web_custom_request("FormDateUpdate.class") started  	[MsgId: MMSG-26355]
vuser_init.c(40): web_custom_request("FormDateUpdate.class") was successful, 0 body bytes, 309 header bytes  	[MsgId: MMSG-26386]
vuser_init.c(49): lr_think_time: 54,00 seconds.	[MsgId: MMSG-15948]
Virtual User Script started at: 14.04.2020 16:53:48	[MsgId: MMSG-15967]
Starting action vuser_init.	[MsgId: MMSG-15919]
Web Turbo Replay of LoadRunner 2020.0.0 for Windows 10; build 793 (íîÿ 27 2019 19:51:20)  	[MsgId: MMSG-26983]
Run mode: HTML  	[MsgId: MMSG-26993]
Replay user agent: Mozilla/5.0 (Windows NT 10.0; WOW64; Trident/7.0; rv:11.0) like Gecko  	[MsgId: MMSG-26988]
Runtime Settings file: "C:\Users\Åóûå\AppData\Local\Temp\lr5tmpdirNmc.500\lrcfgsQD.501\cfgD3H.502"  	[MsgId: MMSG-27141]
vuser_init.c(4): web_url("WebTours") started  	[MsgId: MMSG-26355]
vuser_init.c(4): Detected non-resource "http://localhost:1080/WebTours/header.html" in "http://localhost:1080/WebTours/"  	[MsgId: MMSG-26574]
vuser_init.c(4): Detected non-resource "http://localhost:1080/cgi-bin/welcome.pl?signOff=true" in "http://localhost:1080/WebTours/"  	[MsgId: MMSG-26574]
vuser_init.c(4): Found resource "http://localhost:1080/WebTours/images/hp_logo.png" in HTML "http://localhost:1080/WebTours/header.html"  	[MsgId: MMSG-26659]
vuser_init.c(4): Found resource "http://localhost:1080/WebTours/images/webtours.png" in HTML "http://localhost:1080/WebTours/header.html"  	[MsgId: MMSG-26659]
vuser_init.c(4): Detected non-resource "http://localhost:1080/cgi-bin/nav.pl?in=home" in "http://localhost:1080/cgi-bin/welcome.pl?signOff=true"  	[MsgId: MMSG-26574]
vuser_init.c(4): Detected non-resource "http://localhost:1080/WebTours/home.html" in "http://localhost:1080/cgi-bin/welcome.pl?signOff=true"  	[MsgId: MMSG-26574]
vuser_init.c(4): Found resource "http://localhost:1080/WebTours/images/mer_login.gif" in HTML "http://localhost:1080/cgi-bin/nav.pl?in=home"  	[MsgId: MMSG-26659]
vuser_init.c(4): web_url("WebTours") was successful, 10072 body bytes, 2371 header bytes, 24 chunking overhead bytes  	[MsgId: MMSG-26385]
vuser_init.c(16): web_add_cookie started  	[MsgId: MMSG-26355]
vuser_init.c(16): web_add_cookie was successful  	[MsgId: MMSG-26392]
vuser_init.c(18): web_add_cookie started  	[MsgId: MMSG-26355]
vuser_init.c(18): web_add_cookie was successful  	[MsgId: MMSG-26392]
vuser_init.c(20): web_add_cookie started  	[MsgId: MMSG-26355]
vuser_init.c(20): web_add_cookie was successful  	[MsgId: MMSG-26392]
vuser_init.c(22): web_add_header("UA-CPU") started  	[MsgId: MMSG-26355]
vuser_init.c(22): web_add_header("UA-CPU") was successful  	[MsgId: MMSG-26392]
vuser_init.c(27): web_url("iecompatviewlist.xml") started  	[MsgId: MMSG-26355]
vuser_init.c(27): web_url("iecompatviewlist.xml") was successful, 25995 body bytes, 488 header bytes  	[MsgId: MMSG-26386]
vuser_init.c(37): lr_think_time: 17,00 seconds.	[MsgId: MMSG-15948]
vuser_init.c(40): web_custom_request("FormDateUpdate.class") started  	[MsgId: MMSG-26355]
vuser_init.c(40): web_custom_request("FormDateUpdate.class") was successful, 0 body bytes, 309 header bytes  	[MsgId: MMSG-26386]
vuser_init.c(49): lr_think_time: 54,00 seconds.	[MsgId: MMSG-15948]
Virtual User Script started at: 14.04.2020 16:54:18	[MsgId: MMSG-15967]
Starting action vuser_init.	[MsgId: MMSG-15919]
Web Turbo Replay of LoadRunner 2020.0.0 for Windows 10; build 793 (íîÿ 27 2019 19:51:20)  	[MsgId: MMSG-26983]
Run mode: HTML  	[MsgId: MMSG-26993]
Replay user agent: Mozilla/5.0 (Windows NT 10.0; WOW64; Trident/7.0; rv:11.0) like Gecko  	[MsgId: MMSG-26988]
Runtime Settings file: "C:\Users\Åóûå\AppData\Local\Temp\lr5tmpdirNmc.500\lrcfgsQD.501\cfgD3H.502"  	[MsgId: MMSG-27141]
vuser_init.c(4): web_url("WebTours") started  	[MsgId: MMSG-26355]
vuser_init.c(4): Detected non-resource "http://localhost:1080/WebTours/header.html" in "http://localhost:1080/WebTours/"  	[MsgId: MMSG-26574]
vuser_init.c(4): Detected non-resource "http://localhost:1080/cgi-bin/welcome.pl?signOff=true" in "http://localhost:1080/WebTours/"  	[MsgId: MMSG-26574]
vuser_init.c(4): Found resource "http://localhost:1080/WebTours/images/hp_logo.png" in HTML "http://localhost:1080/WebTours/header.html"  	[MsgId: MMSG-26659]
vuser_init.c(4): Found resource "http://localhost:1080/WebTours/images/webtours.png" in HTML "http://localhost:1080/WebTours/header.html"  	[MsgId: MMSG-26659]
vuser_init.c(4): Detected non-resource "http://localhost:1080/cgi-bin/nav.pl?in=home" in "http://localhost:1080/cgi-bin/welcome.pl?signOff=true"  	[MsgId: MMSG-26574]
vuser_init.c(4): Detected non-resource "http://localhost:1080/WebTours/home.html" in "http://localhost:1080/cgi-bin/welcome.pl?signOff=true"  	[MsgId: MMSG-26574]
vuser_init.c(4): Found resource "http://localhost:1080/WebTours/images/mer_login.gif" in HTML "http://localhost:1080/cgi-bin/nav.pl?in=home"  	[MsgId: MMSG-26659]
vuser_init.c(4): web_url("WebTours") was successful, 10074 body bytes, 2371 header bytes, 24 chunking overhead bytes  	[MsgId: MMSG-26385]
vuser_init.c(16): web_add_cookie started  	[MsgId: MMSG-26355]
vuser_init.c(16): web_add_cookie was successful  	[MsgId: MMSG-26392]
vuser_init.c(18): web_add_cookie started  	[MsgId: MMSG-26355]
vuser_init.c(18): web_add_cookie was successful  	[MsgId: MMSG-26392]
vuser_init.c(20): web_add_cookie started  	[MsgId: MMSG-26355]
vuser_init.c(20): web_add_cookie was successful  	[MsgId: MMSG-26392]
vuser_init.c(22): web_add_header("UA-CPU") started  	[MsgId: MMSG-26355]
vuser_init.c(22): web_add_header("UA-CPU") was successful  	[MsgId: MMSG-26392]
vuser_init.c(27): web_url("iecompatviewlist.xml") started  	[MsgId: MMSG-26355]
vuser_init.c(27): web_url("iecompatviewlist.xml") was successful, 25995 body bytes, 488 header bytes  	[MsgId: MMSG-26386]
vuser_init.c(37): lr_think_time: 17,00 seconds.	[MsgId: MMSG-15948]
vuser_init.c(51): Notify: Transaction "UC01_TR01_Login" started.	[MsgId: MMSG-16999]
vuser_init.c(55): web_submit_data("login.pl") started  	[MsgId: MMSG-26355]
vuser_init.c(55): Connection to iecvlist.microsoft.com:443 closed after being inactive for 71 seconds, exceeding the "HTTP Keep-Alive timeout" Runtime Setting (60 seconds). URL="[None]"  	[MsgId: MMSG-27647]
vuser_init.c(55): web_submit_data("login.pl") was successful, 795 body bytes, 229 header bytes, 12 chunking overhead bytes  	[MsgId: MMSG-26385]
vuser_init.c(72): web_set_sockets_option started  	[MsgId: MMSG-26355]
vuser_init.c(72): web_set_sockets_option was successful  	[MsgId: MMSG-26392]
vuser_init.c(74): Notify: Transaction "UC01_TR01_Login" ended with a "Pass" status (Duration: 0,0551).	[MsgId: MMSG-16873]
Ending action vuser_init.	[MsgId: MMSG-15918]
Running Vuser...	[MsgId: MMSG-15964]
Starting iteration 1.	[MsgId: MMSG-15968]
Starting action Search.	[MsgId: MMSG-15919]
Search.c(3): Notify: Transaction "UC01_TR02_Flights" started.	[MsgId: MMSG-16999]
Search.c(6): web_reg_save_param started  	[MsgId: MMSG-26355]
Search.c(6): Registering web_reg_save_param was successful  	[MsgId: MMSG-26390]
Search.c(13): web_reg_save_param started  	[MsgId: MMSG-26355]
Search.c(13): Registering web_reg_save_param was successful  	[MsgId: MMSG-26390]
Search.c(20): web_url("welcome.pl") started  	[MsgId: MMSG-26355]
Search.c(20): Detected non-resource "http://localhost:1080/cgi-bin/nav.pl?page=menu&in=flights" in "http://localhost:1080/cgi-bin/welcome.pl?page=search"  	[MsgId: MMSG-26574]
Search.c(20): Detected non-resource "http://localhost:1080/cgi-bin/reservations.pl?page=welcome" in "http://localhost:1080/cgi-bin/welcome.pl?page=search"  	[MsgId: MMSG-26574]
Search.c(20): Found resource "http://localhost:1080/WebTours/images/in_flights.gif" in HTML "http://localhost:1080/cgi-bin/nav.pl?page=menu&in=flights"  	[MsgId: MMSG-26659]
Search.c(20): Found resource "http://localhost:1080/WebTours/images/itinerary.gif" in HTML "http://localhost:1080/cgi-bin/nav.pl?page=menu&in=flights"  	[MsgId: MMSG-26659]
Search.c(20): Found resource "http://localhost:1080/WebTours/images/home.gif" in HTML "http://localhost:1080/cgi-bin/nav.pl?page=menu&in=flights"  	[MsgId: MMSG-26659]
Search.c(20): Found resource "http://localhost:1080/WebTours/images/signoff.gif" in HTML "http://localhost:1080/cgi-bin/nav.pl?page=menu&in=flights"  	[MsgId: MMSG-26659]
Search.c(20): Notify: Saving Parameter "depart_1 = Frankfurt".	[MsgId: MMSG-13798]
Search.c(20): Notify: Saving Parameter "arrive_1 = Frankfurt".	[MsgId: MMSG-13798]
Search.c(20): Notify: Saving Parameter "depart_2 = London".	[MsgId: MMSG-13798]
Search.c(20): Notify: Saving Parameter "arrive_2 = London".	[MsgId: MMSG-13798]
Search.c(20): Notify: Saving Parameter "depart_3 = Los Angeles".	[MsgId: MMSG-13798]
Search.c(20): Notify: Saving Parameter "arrive_3 = Los Angeles".	[MsgId: MMSG-13798]
Search.c(20): Notify: Saving Parameter "depart_4 = Paris".	[MsgId: MMSG-13798]
Search.c(20): Notify: Saving Parameter "arrive_4 = Paris".	[MsgId: MMSG-13798]
Search.c(20): Notify: Saving Parameter "depart_5 = Portland".	[MsgId: MMSG-13798]
Search.c(20): Notify: Saving Parameter "arrive_5 = Portland".	[MsgId: MMSG-13798]
Search.c(20): Notify: Saving Parameter "depart_6 = San Francisco".	[MsgId: MMSG-13798]
Search.c(20): Notify: Saving Parameter "arrive_6 = San Francisco".	[MsgId: MMSG-13798]
Search.c(20): Notify: Saving Parameter "depart_7 = Seattle".	[MsgId: MMSG-13798]
Search.c(20): Notify: Saving Parameter "arrive_7 = Seattle".	[MsgId: MMSG-13798]
Search.c(20): Notify: Saving Parameter "depart_8 = Sydney".	[MsgId: MMSG-13798]
Search.c(20): Notify: Saving Parameter "arrive_8 = Sydney".	[MsgId: MMSG-13798]
Search.c(20): Notify: Saving Parameter "depart_9 = Zurich".	[MsgId: MMSG-13798]
Search.c(20): Notify: Saving Parameter "arrive_9 = Zurich".	[MsgId: MMSG-13798]
Search.c(20): Notify: Saving Parameter "depart_10 = Frankfurt".	[MsgId: MMSG-13798]
Search.c(20): Notify: Saving Parameter "arrive_10 = Frankfurt".	[MsgId: MMSG-13798]
Search.c(20): Notify: Saving Parameter "depart_11 = London".	[MsgId: MMSG-13798]
Search.c(20): Notify: Saving Parameter "arrive_11 = London".	[MsgId: MMSG-13798]
Search.c(20): Notify: Saving Parameter "depart_12 = Los Angeles".	[MsgId: MMSG-13798]
Search.c(20): Notify: Saving Parameter "arrive_12 = Los Angeles".	[MsgId: MMSG-13798]
Search.c(20): Notify: Saving Parameter "depart_13 = Paris".	[MsgId: MMSG-13798]
Search.c(20): Notify: Saving Parameter "arrive_13 = Paris".	[MsgId: MMSG-13798]
Search.c(20): Notify: Saving Parameter "depart_14 = Portland".	[MsgId: MMSG-13798]
Search.c(20): Notify: Saving Parameter "arrive_14 = Portland".	[MsgId: MMSG-13798]
Search.c(20): Notify: Saving Parameter "depart_15 = San Francisco".	[MsgId: MMSG-13798]
Search.c(20): Notify: Saving Parameter "arrive_15 = San Francisco".	[MsgId: MMSG-13798]
Search.c(20): Notify: Saving Parameter "depart_16 = Seattle".	[MsgId: MMSG-13798]
Search.c(20): Notify: Saving Parameter "arrive_16 = Seattle".	[MsgId: MMSG-13798]
Search.c(20): Notify: Saving Parameter "depart_17 = Sydney".	[MsgId: MMSG-13798]
Search.c(20): Notify: Saving Parameter "arrive_17 = Sydney".	[MsgId: MMSG-13798]
Search.c(20): Notify: Saving Parameter "depart_18 = Zurich".	[MsgId: MMSG-13798]
Search.c(20): Notify: Saving Parameter "arrive_18 = Zurich".	[MsgId: MMSG-13798]
Search.c(20): Found resource "http://localhost:1080/WebTours/images/button_next.gif" in HTML "http://localhost:1080/cgi-bin/reservations.pl?page=welcome"  	[MsgId: MMSG-26659]
Search.c(20): Notify: Saving Parameter "depart_count = 18".	[MsgId: MMSG-13798]
Search.c(20): Notify: Saving Parameter "arrive_count = 18".	[MsgId: MMSG-13798]
Search.c(20): web_url("welcome.pl") was successful, 10000 body bytes, 2215 header bytes, 37 chunking overhead bytes  	[MsgId: MMSG-26385]
Search.c(30): Notify: Transaction "UC01_TR02_Flights" ended with a "Pass" status (Duration: 0,1766 Wasted Time: 0,0011).	[MsgId: MMSG-16871]
Search.c(34): Notify: Transaction "UC01_TR03_Find_Flight" started.	[MsgId: MMSG-16999]
Search.c(37): Notify: Parameter Substitution: parameter "depart_count" =  "18"	[MsgId: MMSG-13992]
Search.c(37): Notify: Parameter Substitution: parameter "depart_11" =  "London"	[MsgId: MMSG-13992]
Search.c(37): Notify: Saving Parameter "RandomDepart = London".	[MsgId: MMSG-13798]
Search.c(39): Notify: Parameter Substitution: parameter "arrive_count" =  "18"	[MsgId: MMSG-13992]
Search.c(39): Notify: Parameter Substitution: parameter "arrive_12" =  "Los Angeles"	[MsgId: MMSG-13992]
Search.c(39): Notify: Saving Parameter "RandomArrive = Los Angeles".	[MsgId: MMSG-13798]
Search.c(43): web_submit_data("reservations.pl") started  	[MsgId: MMSG-26355]
Search.c(43): Notify: Parameter Substitution: parameter "RandomDepart" =  "London"	[MsgId: MMSG-13992]
Search.c(43): Notify: Parameter Substitution: parameter "RandomArrive" =  "Los Angeles"	[MsgId: MMSG-13992]
Search.c(43): Resource "http://localhost:1080/WebTours/images/button_next.gif" is in the cache already and will not be downloaded again  	[MsgId: MMSG-26655]
Search.c(43): web_submit_data("reservations.pl") was successful, 2455 body bytes, 255 header bytes, 12 chunking overhead bytes  	[MsgId: MMSG-26385]
Search.c(67): Notify: Transaction "UC01_TR03_Find_Flight" ended with a "Pass" status (Duration: 0,0550).	[MsgId: MMSG-16873]
Search.c(69): lr_think_time: 30,00 seconds.	[MsgId: MMSG-15948]
vuser_init.c(40): web_custom_request("FormDateUpdate.class") started  	[MsgId: MMSG-26355]
vuser_init.c(40): web_custom_request("FormDateUpdate.class") was successful, 0 body bytes, 309 header bytes  	[MsgId: MMSG-26386]
vuser_init.c(49): lr_think_time: 54,00 seconds.	[MsgId: MMSG-15948]
Virtual User Script started at: 14.04.2020 16:54:48	[MsgId: MMSG-15967]
Starting action vuser_init.	[MsgId: MMSG-15919]
Web Turbo Replay of LoadRunner 2020.0.0 for Windows 10; build 793 (íîÿ 27 2019 19:51:20)  	[MsgId: MMSG-26983]
Run mode: HTML  	[MsgId: MMSG-26993]
Replay user agent: Mozilla/5.0 (Windows NT 10.0; WOW64; Trident/7.0; rv:11.0) like Gecko  	[MsgId: MMSG-26988]
Runtime Settings file: "C:\Users\Åóûå\AppData\Local\Temp\lr5tmpdirNmc.500\lrcfgsQD.501\cfgD3H.502"  	[MsgId: MMSG-27141]
vuser_init.c(4): web_url("WebTours") started  	[MsgId: MMSG-26355]
vuser_init.c(4): Detected non-resource "http://localhost:1080/WebTours/header.html" in "http://localhost:1080/WebTours/"  	[MsgId: MMSG-26574]
vuser_init.c(4): Detected non-resource "http://localhost:1080/cgi-bin/welcome.pl?signOff=true" in "http://localhost:1080/WebTours/"  	[MsgId: MMSG-26574]
vuser_init.c(4): Found resource "http://localhost:1080/WebTours/images/hp_logo.png" in HTML "http://localhost:1080/WebTours/header.html"  	[MsgId: MMSG-26659]
vuser_init.c(4): Found resource "http://localhost:1080/WebTours/images/webtours.png" in HTML "http://localhost:1080/WebTours/header.html"  	[MsgId: MMSG-26659]
vuser_init.c(4): Detected non-resource "http://localhost:1080/cgi-bin/nav.pl?in=home" in "http://localhost:1080/cgi-bin/welcome.pl?signOff=true"  	[MsgId: MMSG-26574]
vuser_init.c(4): Detected non-resource "http://localhost:1080/WebTours/home.html" in "http://localhost:1080/cgi-bin/welcome.pl?signOff=true"  	[MsgId: MMSG-26574]
vuser_init.c(4): Found resource "http://localhost:1080/WebTours/images/mer_login.gif" in HTML "http://localhost:1080/cgi-bin/nav.pl?in=home"  	[MsgId: MMSG-26659]
vuser_init.c(4): web_url("WebTours") was successful, 10071 body bytes, 2371 header bytes, 24 chunking overhead bytes  	[MsgId: MMSG-26385]
vuser_init.c(16): web_add_cookie started  	[MsgId: MMSG-26355]
vuser_init.c(16): web_add_cookie was successful  	[MsgId: MMSG-26392]
vuser_init.c(18): web_add_cookie started  	[MsgId: MMSG-26355]
vuser_init.c(18): web_add_cookie was successful  	[MsgId: MMSG-26392]
vuser_init.c(20): web_add_cookie started  	[MsgId: MMSG-26355]
vuser_init.c(20): web_add_cookie was successful  	[MsgId: MMSG-26392]
vuser_init.c(22): web_add_header("UA-CPU") started  	[MsgId: MMSG-26355]
vuser_init.c(22): web_add_header("UA-CPU") was successful  	[MsgId: MMSG-26392]
vuser_init.c(27): web_url("iecompatviewlist.xml") started  	[MsgId: MMSG-26355]
vuser_init.c(27): web_url("iecompatviewlist.xml") was successful, 25995 body bytes, 488 header bytes  	[MsgId: MMSG-26386]
vuser_init.c(37): lr_think_time: 17,00 seconds.	[MsgId: MMSG-15948]
vuser_init.c(51): Notify: Transaction "UC01_TR01_Login" started.	[MsgId: MMSG-16999]
vuser_init.c(55): web_submit_data("login.pl") started  	[MsgId: MMSG-26355]
vuser_init.c(55): Connection to iecvlist.microsoft.com:443 closed after being inactive for 71 seconds, exceeding the "HTTP Keep-Alive timeout" Runtime Setting (60 seconds). URL="[None]"  	[MsgId: MMSG-27647]
vuser_init.c(55): web_submit_data("login.pl") was successful, 795 body bytes, 229 header bytes, 12 chunking overhead bytes  	[MsgId: MMSG-26385]
vuser_init.c(72): web_set_sockets_option started  	[MsgId: MMSG-26355]
vuser_init.c(72): web_set_sockets_option was successful  	[MsgId: MMSG-26392]
vuser_init.c(74): Notify: Transaction "UC01_TR01_Login" ended with a "Pass" status (Duration: 0,0750).	[MsgId: MMSG-16873]
Ending action vuser_init.	[MsgId: MMSG-15918]
Running Vuser...	[MsgId: MMSG-15964]
Starting iteration 1.	[MsgId: MMSG-15968]
Starting action Search.	[MsgId: MMSG-15919]
Search.c(3): Notify: Transaction "UC01_TR02_Flights" started.	[MsgId: MMSG-16999]
Search.c(6): web_reg_save_param started  	[MsgId: MMSG-26355]
Search.c(6): Registering web_reg_save_param was successful  	[MsgId: MMSG-26390]
Search.c(13): web_reg_save_param started  	[MsgId: MMSG-26355]
Search.c(13): Registering web_reg_save_param was successful  	[MsgId: MMSG-26390]
Search.c(20): web_url("welcome.pl") started  	[MsgId: MMSG-26355]
Search.c(20): Detected non-resource "http://localhost:1080/cgi-bin/nav.pl?page=menu&in=flights" in "http://localhost:1080/cgi-bin/welcome.pl?page=search"  	[MsgId: MMSG-26574]
Search.c(20): Detected non-resource "http://localhost:1080/cgi-bin/reservations.pl?page=welcome" in "http://localhost:1080/cgi-bin/welcome.pl?page=search"  	[MsgId: MMSG-26574]
Search.c(20): Found resource "http://localhost:1080/WebTours/images/in_flights.gif" in HTML "http://localhost:1080/cgi-bin/nav.pl?page=menu&in=flights"  	[MsgId: MMSG-26659]
Search.c(20): Found resource "http://localhost:1080/WebTours/images/itinerary.gif" in HTML "http://localhost:1080/cgi-bin/nav.pl?page=menu&in=flights"  	[MsgId: MMSG-26659]
Search.c(20): Found resource "http://localhost:1080/WebTours/images/home.gif" in HTML "http://localhost:1080/cgi-bin/nav.pl?page=menu&in=flights"  	[MsgId: MMSG-26659]
Search.c(20): Found resource "http://localhost:1080/WebTours/images/signoff.gif" in HTML "http://localhost:1080/cgi-bin/nav.pl?page=menu&in=flights"  	[MsgId: MMSG-26659]
Ending action Search.	[MsgId: MMSG-15918]
Starting action Search.	[MsgId: MMSG-15919]
Search.c(3): Notify: Transaction "UC01_TR02_Flights" started.	[MsgId: MMSG-16999]
Search.c(6): web_reg_save_param started  	[MsgId: MMSG-26355]
Search.c(6): Registering web_reg_save_param was successful  	[MsgId: MMSG-26390]
Search.c(20): Notify: Saving Parameter "depart_1 = Frankfurt".	[MsgId: MMSG-13798]
Search.c(13): web_reg_save_param started  	[MsgId: MMSG-26355]
Search.c(20): Notify: Saving Parameter "arrive_1 = Frankfurt".	[MsgId: MMSG-13798]
Search.c(20): Notify: Saving Parameter "depart_2 = London".	[MsgId: MMSG-13798]
Search.c(20): Notify: Saving Parameter "arrive_2 = London".	[MsgId: MMSG-13798]
Search.c(20): Notify: Saving Parameter "depart_3 = Los Angeles".	[MsgId: MMSG-13798]
Search.c(20): Notify: Saving Parameter "arrive_3 = Los Angeles".	[MsgId: MMSG-13798]
Search.c(20): Notify: Saving Parameter "depart_4 = Paris".	[MsgId: MMSG-13798]
Search.c(20): Notify: Saving Parameter "arrive_4 = Paris".	[MsgId: MMSG-13798]
Search.c(20): Notify: Saving Parameter "depart_5 = Portland".	[MsgId: MMSG-13798]
Search.c(20): Notify: Saving Parameter "arrive_5 = Portland".	[MsgId: MMSG-13798]
Search.c(20): Notify: Saving Parameter "depart_6 = San Francisco".	[MsgId: MMSG-13798]
Search.c(20): Notify: Saving Parameter "arrive_6 = San Francisco".	[MsgId: MMSG-13798]
Search.c(20): Notify: Saving Parameter "depart_7 = Seattle".	[MsgId: MMSG-13798]
Search.c(20): Notify: Saving Parameter "arrive_7 = Seattle".	[MsgId: MMSG-13798]
Search.c(20): Notify: Saving Parameter "depart_8 = Sydney".	[MsgId: MMSG-13798]
Search.c(20): Notify: Saving Parameter "arrive_8 = Sydney".	[MsgId: MMSG-13798]
Search.c(20): Notify: Saving Parameter "depart_9 = Zurich".	[MsgId: MMSG-13798]
Search.c(20): Notify: Saving Parameter "arrive_9 = Zurich".	[MsgId: MMSG-13798]
Search.c(20): Notify: Saving Parameter "depart_10 = Frankfurt".	[MsgId: MMSG-13798]
Search.c(20): Notify: Saving Parameter "arrive_10 = Frankfurt".	[MsgId: MMSG-13798]
Search.c(20): Notify: Saving Parameter "depart_11 = London".	[MsgId: MMSG-13798]
Search.c(20): Notify: Saving Parameter "arrive_11 = London".	[MsgId: MMSG-13798]
Search.c(20): Notify: Saving Parameter "depart_12 = Los Angeles".	[MsgId: MMSG-13798]
Search.c(20): Notify: Saving Parameter "arrive_12 = Los Angeles".	[MsgId: MMSG-13798]
Search.c(13): Registering web_reg_save_param was successful  	[MsgId: MMSG-26390]
Search.c(20): Notify: Saving Parameter "depart_13 = Paris".	[MsgId: MMSG-13798]
Search.c(20): Notify: Saving Parameter "arrive_13 = Paris".	[MsgId: MMSG-13798]
Search.c(20): web_url("welcome.pl") started  	[MsgId: MMSG-26355]
Search.c(20): Notify: Saving Parameter "depart_14 = Portland".	[MsgId: MMSG-13798]
Search.c(20): Notify: Saving Parameter "arrive_14 = Portland".	[MsgId: MMSG-13798]
Search.c(20): Notify: Saving Parameter "depart_15 = San Francisco".	[MsgId: MMSG-13798]
Search.c(20): Notify: Saving Parameter "arrive_15 = San Francisco".	[MsgId: MMSG-13798]
Search.c(20): Notify: Saving Parameter "depart_16 = Seattle".	[MsgId: MMSG-13798]
Search.c(20): Notify: Saving Parameter "arrive_16 = Seattle".	[MsgId: MMSG-13798]
Search.c(20): Notify: Saving Parameter "depart_17 = Sydney".	[MsgId: MMSG-13798]
Search.c(20): Notify: Saving Parameter "arrive_17 = Sydney".	[MsgId: MMSG-13798]
Search.c(20): Notify: Saving Parameter "depart_18 = Zurich".	[MsgId: MMSG-13798]
Search.c(20): Notify: Saving Parameter "arrive_18 = Zurich".	[MsgId: MMSG-13798]
Search.c(20): Found resource "http://localhost:1080/WebTours/images/button_next.gif" in HTML "http://localhost:1080/cgi-bin/reservations.pl?page=welcome"  	[MsgId: MMSG-26659]
Search.c(20): Notify: Saving Parameter "depart_count = 18".	[MsgId: MMSG-13798]
Search.c(20): Notify: Saving Parameter "arrive_count = 18".	[MsgId: MMSG-13798]
Search.c(20): web_url("welcome.pl") was successful, 10000 body bytes, 2215 header bytes, 37 chunking overhead bytes  	[MsgId: MMSG-26385]
Search.c(30): Notify: Transaction "UC01_TR02_Flights" ended with a "Pass" status (Duration: 0,2832 Wasted Time: 0,0011).	[MsgId: MMSG-16871]
Search.c(34): Notify: Transaction "UC01_TR03_Find_Flight" started.	[MsgId: MMSG-16999]
Search.c(37): Notify: Parameter Substitution: parameter "depart_count" =  "18"	[MsgId: MMSG-13992]
Search.c(37): Notify: Parameter Substitution: parameter "depart_1" =  "Frankfurt"	[MsgId: MMSG-13992]
Search.c(37): Notify: Saving Parameter "RandomDepart = Frankfurt".	[MsgId: MMSG-13798]
Search.c(39): Notify: Parameter Substitution: parameter "arrive_count" =  "18"	[MsgId: MMSG-13992]
Search.c(39): Notify: Parameter Substitution: parameter "arrive_12" =  "Los Angeles"	[MsgId: MMSG-13992]
Search.c(39): Notify: Saving Parameter "RandomArrive = Los Angeles".	[MsgId: MMSG-13798]
Search.c(43): web_submit_data("reservations.pl") started  	[MsgId: MMSG-26355]
Search.c(43): Notify: Parameter Substitution: parameter "RandomDepart" =  "Frankfurt"	[MsgId: MMSG-13992]
Search.c(43): Notify: Parameter Substitution: parameter "RandomArrive" =  "Los Angeles"	[MsgId: MMSG-13992]
Search.c(20): Detected non-resource "http://localhost:1080/cgi-bin/nav.pl?page=menu&in=flights" in "http://localhost:1080/cgi-bin/welcome.pl?page=search"  	[MsgId: MMSG-26574]
Search.c(20): Detected non-resource "http://localhost:1080/cgi-bin/reservations.pl?page=welcome" in "http://localhost:1080/cgi-bin/welcome.pl?page=search"  	[MsgId: MMSG-26574]
Search.c(43): Resource "http://localhost:1080/WebTours/images/button_next.gif" is in the cache already and will not be downloaded again  	[MsgId: MMSG-26655]
Search.c(43): web_submit_data("reservations.pl") was successful, 2453 body bytes, 255 header bytes, 12 chunking overhead bytes  	[MsgId: MMSG-26385]
Search.c(67): Notify: Transaction "UC01_TR03_Find_Flight" ended with a "Pass" status (Duration: 0,1139).	[MsgId: MMSG-16873]
Search.c(69): lr_think_time: 30,00 seconds.	[MsgId: MMSG-15948]
Search.c(20): Resource "http://localhost:1080/WebTours/images/in_flights.gif" is in the cache already and will not be downloaded again  	[MsgId: MMSG-26655]
Search.c(20): Resource "http://localhost:1080/WebTours/images/itinerary.gif" is in the cache already and will not be downloaded again  	[MsgId: MMSG-26655]
Search.c(20): Resource "http://localhost:1080/WebTours/images/home.gif" is in the cache already and will not be downloaded again  	[MsgId: MMSG-26655]
Search.c(20): Resource "http://localhost:1080/WebTours/images/signoff.gif" is in the cache already and will not be downloaded again  	[MsgId: MMSG-26655]
Search.c(20): Notify: Saving Parameter "depart_1 = Frankfurt".	[MsgId: MMSG-13798]
Search.c(20): Notify: Saving Parameter "arrive_1 = Frankfurt".	[MsgId: MMSG-13798]
Search.c(20): Notify: Saving Parameter "depart_2 = London".	[MsgId: MMSG-13798]
Search.c(20): Notify: Saving Parameter "arrive_2 = London".	[MsgId: MMSG-13798]
Search.c(20): Notify: Saving Parameter "depart_3 = Los Angeles".	[MsgId: MMSG-13798]
Search.c(20): Notify: Saving Parameter "arrive_3 = Los Angeles".	[MsgId: MMSG-13798]
Search.c(20): Notify: Saving Parameter "depart_4 = Paris".	[MsgId: MMSG-13798]
Search.c(20): Notify: Saving Parameter "arrive_4 = Paris".	[MsgId: MMSG-13798]
Search.c(20): Notify: Saving Parameter "depart_5 = Portland".	[MsgId: MMSG-13798]
Search.c(20): Notify: Saving Parameter "arrive_5 = Portland".	[MsgId: MMSG-13798]
Search.c(20): Notify: Saving Parameter "depart_6 = San Francisco".	[MsgId: MMSG-13798]
Search.c(20): Notify: Saving Parameter "arrive_6 = San Francisco".	[MsgId: MMSG-13798]
Search.c(20): Notify: Saving Parameter "depart_7 = Seattle".	[MsgId: MMSG-13798]
Search.c(20): Notify: Saving Parameter "arrive_7 = Seattle".	[MsgId: MMSG-13798]
Search.c(20): Notify: Saving Parameter "depart_8 = Sydney".	[MsgId: MMSG-13798]
Search.c(20): Notify: Saving Parameter "arrive_8 = Sydney".	[MsgId: MMSG-13798]
Search.c(20): Notify: Saving Parameter "depart_9 = Zurich".	[MsgId: MMSG-13798]
Search.c(20): Notify: Saving Parameter "arrive_9 = Zurich".	[MsgId: MMSG-13798]
Search.c(20): Notify: Saving Parameter "depart_10 = Frankfurt".	[MsgId: MMSG-13798]
Search.c(20): Notify: Saving Parameter "arrive_10 = Frankfurt".	[MsgId: MMSG-13798]
Search.c(20): Notify: Saving Parameter "depart_11 = London".	[MsgId: MMSG-13798]
Search.c(20): Notify: Saving Parameter "arrive_11 = London".	[MsgId: MMSG-13798]
Search.c(20): Notify: Saving Parameter "depart_12 = Los Angeles".	[MsgId: MMSG-13798]
Search.c(20): Notify: Saving Parameter "arrive_12 = Los Angeles".	[MsgId: MMSG-13798]
Search.c(20): Notify: Saving Parameter "depart_13 = Paris".	[MsgId: MMSG-13798]
Search.c(20): Notify: Saving Parameter "arrive_13 = Paris".	[MsgId: MMSG-13798]
Search.c(20): Notify: Saving Parameter "depart_14 = Portland".	[MsgId: MMSG-13798]
Search.c(20): Notify: Saving Parameter "arrive_14 = Portland".	[MsgId: MMSG-13798]
Search.c(20): Notify: Saving Parameter "depart_15 = San Francisco".	[MsgId: MMSG-13798]
Search.c(20): Notify: Saving Parameter "arrive_15 = San Francisco".	[MsgId: MMSG-13798]
Search.c(20): Notify: Saving Parameter "depart_16 = Seattle".	[MsgId: MMSG-13798]
Search.c(20): Notify: Saving Parameter "arrive_16 = Seattle".	[MsgId: MMSG-13798]
Search.c(20): Notify: Saving Parameter "depart_17 = Sydney".	[MsgId: MMSG-13798]
Search.c(20): Notify: Saving Parameter "arrive_17 = Sydney".	[MsgId: MMSG-13798]
Search.c(20): Notify: Saving Parameter "depart_18 = Zurich".	[MsgId: MMSG-13798]
Search.c(20): Notify: Saving Parameter "arrive_18 = Zurich".	[MsgId: MMSG-13798]
Search.c(20): Resource "http://localhost:1080/WebTours/images/button_next.gif" is in the cache already and will not be downloaded again  	[MsgId: MMSG-26655]
Search.c(20): Notify: Saving Parameter "depart_count = 18".	[MsgId: MMSG-13798]
Search.c(20): Notify: Saving Parameter "arrive_count = 18".	[MsgId: MMSG-13798]
Search.c(20): web_url("welcome.pl") was successful, 6344 body bytes, 728 header bytes, 37 chunking overhead bytes  	[MsgId: MMSG-26385]
Search.c(30): Notify: Transaction "UC01_TR02_Flights" ended with a "Pass" status (Duration: 0,2790 Wasted Time: 0,0019).	[MsgId: MMSG-16871]
Search.c(34): Notify: Transaction "UC01_TR03_Find_Flight" started.	[MsgId: MMSG-16999]
Search.c(37): Notify: Parameter Substitution: parameter "depart_count" =  "18"	[MsgId: MMSG-13992]
Search.c(37): Notify: Parameter Substitution: parameter "depart_1" =  "Frankfurt"	[MsgId: MMSG-13992]
Search.c(37): Notify: Saving Parameter "RandomDepart = Frankfurt".	[MsgId: MMSG-13798]
Search.c(39): Notify: Parameter Substitution: parameter "arrive_count" =  "18"	[MsgId: MMSG-13992]
Search.c(39): Notify: Parameter Substitution: parameter "arrive_6" =  "San Francisco"	[MsgId: MMSG-13992]
Search.c(39): Notify: Saving Parameter "RandomArrive = San Francisco".	[MsgId: MMSG-13798]
Search.c(43): web_submit_data("reservations.pl") started  	[MsgId: MMSG-26355]
Search.c(43): Notify: Parameter Substitution: parameter "RandomDepart" =  "Frankfurt"	[MsgId: MMSG-13992]
Search.c(43): Notify: Parameter Substitution: parameter "RandomArrive" =  "San Francisco"	[MsgId: MMSG-13992]
Search.c(43): Resource "http://localhost:1080/WebTours/images/button_next.gif" is in the cache already and will not be downloaded again  	[MsgId: MMSG-26655]
Search.c(43): web_submit_data("reservations.pl") was successful, 2457 body bytes, 255 header bytes, 12 chunking overhead bytes  	[MsgId: MMSG-26385]
Search.c(67): Notify: Transaction "UC01_TR03_Find_Flight" ended with a "Pass" status (Duration: 0,1726).	[MsgId: MMSG-16873]
Search.c(69): lr_think_time: 30,00 seconds.	[MsgId: MMSG-15948]
vuser_init.c(40): web_custom_request("FormDateUpdate.class") started  	[MsgId: MMSG-26355]
vuser_init.c(40): web_custom_request("FormDateUpdate.class") was successful, 0 body bytes, 309 header bytes  	[MsgId: MMSG-26386]
vuser_init.c(49): lr_think_time: 54,00 seconds.	[MsgId: MMSG-15948]
Virtual User Script started at: 14.04.2020 16:55:18	[MsgId: MMSG-15967]
Starting action vuser_init.	[MsgId: MMSG-15919]
Web Turbo Replay of LoadRunner 2020.0.0 for Windows 10; build 793 (íîÿ 27 2019 19:51:20)  	[MsgId: MMSG-26983]
Run mode: HTML  	[MsgId: MMSG-26993]
Replay user agent: Mozilla/5.0 (Windows NT 10.0; WOW64; Trident/7.0; rv:11.0) like Gecko  	[MsgId: MMSG-26988]
Runtime Settings file: "C:\Users\Åóûå\AppData\Local\Temp\lr5tmpdirNmc.500\lrcfgsQD.501\cfg1UN.505"  	[MsgId: MMSG-27141]
vuser_init.c(4): web_url("WebTours") started  	[MsgId: MMSG-26355]
vuser_init.c(4): Detected non-resource "http://localhost:1080/WebTours/header.html" in "http://localhost:1080/WebTours/"  	[MsgId: MMSG-26574]
vuser_init.c(4): Detected non-resource "http://localhost:1080/cgi-bin/welcome.pl?signOff=true" in "http://localhost:1080/WebTours/"  	[MsgId: MMSG-26574]
vuser_init.c(4): Found resource "http://localhost:1080/WebTours/images/hp_logo.png" in HTML "http://localhost:1080/WebTours/header.html"  	[MsgId: MMSG-26659]
vuser_init.c(4): Found resource "http://localhost:1080/WebTours/images/webtours.png" in HTML "http://localhost:1080/WebTours/header.html"  	[MsgId: MMSG-26659]
vuser_init.c(4): Detected non-resource "http://localhost:1080/cgi-bin/nav.pl?in=home" in "http://localhost:1080/cgi-bin/welcome.pl?signOff=true"  	[MsgId: MMSG-26574]
vuser_init.c(4): Detected non-resource "http://localhost:1080/WebTours/home.html" in "http://localhost:1080/cgi-bin/welcome.pl?signOff=true"  	[MsgId: MMSG-26574]
vuser_init.c(4): Found resource "http://localhost:1080/WebTours/images/mer_login.gif" in HTML "http://localhost:1080/cgi-bin/nav.pl?in=home"  	[MsgId: MMSG-26659]
vuser_init.c(4): web_url("WebTours") was successful, 10080 body bytes, 2371 header bytes, 24 chunking overhead bytes  	[MsgId: MMSG-26385]
vuser_init.c(16): web_add_cookie started  	[MsgId: MMSG-26355]
vuser_init.c(16): web_add_cookie was successful  	[MsgId: MMSG-26392]
vuser_init.c(18): web_add_cookie started  	[MsgId: MMSG-26355]
vuser_init.c(18): web_add_cookie was successful  	[MsgId: MMSG-26392]
vuser_init.c(20): web_add_cookie started  	[MsgId: MMSG-26355]
vuser_init.c(20): web_add_cookie was successful  	[MsgId: MMSG-26392]
vuser_init.c(22): web_add_header("UA-CPU") started  	[MsgId: MMSG-26355]
vuser_init.c(22): web_add_header("UA-CPU") was successful  	[MsgId: MMSG-26392]
vuser_init.c(27): web_url("iecompatviewlist.xml") started  	[MsgId: MMSG-26355]
vuser_init.c(27): web_url("iecompatviewlist.xml") was successful, 25995 body bytes, 488 header bytes  	[MsgId: MMSG-26386]
vuser_init.c(37): lr_think_time: 17,00 seconds.	[MsgId: MMSG-15948]
vuser_init.c(51): Notify: Transaction "UC01_TR01_Login" started.	[MsgId: MMSG-16999]
vuser_init.c(55): web_submit_data("login.pl") started  	[MsgId: MMSG-26355]
vuser_init.c(55): Connection to iecvlist.microsoft.com:443 closed after being inactive for 71 seconds, exceeding the "HTTP Keep-Alive timeout" Runtime Setting (60 seconds). URL="[None]"  	[MsgId: MMSG-27647]
vuser_init.c(55): web_submit_data("login.pl") was successful, 795 body bytes, 229 header bytes, 12 chunking overhead bytes  	[MsgId: MMSG-26385]
vuser_init.c(72): web_set_sockets_option started  	[MsgId: MMSG-26355]
vuser_init.c(72): web_set_sockets_option was successful  	[MsgId: MMSG-26392]
vuser_init.c(74): Notify: Transaction "UC01_TR01_Login" ended with a "Pass" status (Duration: 0,1029).	[MsgId: MMSG-16873]
Ending action vuser_init.	[MsgId: MMSG-15918]
Running Vuser...	[MsgId: MMSG-15964]
Starting iteration 1.	[MsgId: MMSG-15968]
Starting action Search.	[MsgId: MMSG-15919]
Search.c(3): Notify: Transaction "UC01_TR02_Flights" started.	[MsgId: MMSG-16999]
Search.c(6): web_reg_save_param started  	[MsgId: MMSG-26355]
Search.c(6): Registering web_reg_save_param was successful  	[MsgId: MMSG-26390]
Search.c(13): web_reg_save_param started  	[MsgId: MMSG-26355]
Search.c(13): Registering web_reg_save_param was successful  	[MsgId: MMSG-26390]
Search.c(20): web_url("welcome.pl") started  	[MsgId: MMSG-26355]
Search.c(20): Detected non-resource "http://localhost:1080/cgi-bin/nav.pl?page=menu&in=flights" in "http://localhost:1080/cgi-bin/welcome.pl?page=search"  	[MsgId: MMSG-26574]
Search.c(20): Detected non-resource "http://localhost:1080/cgi-bin/reservations.pl?page=welcome" in "http://localhost:1080/cgi-bin/welcome.pl?page=search"  	[MsgId: MMSG-26574]
Search.c(20): Found resource "http://localhost:1080/WebTours/images/in_flights.gif" in HTML "http://localhost:1080/cgi-bin/nav.pl?page=menu&in=flights"  	[MsgId: MMSG-26659]
Search.c(20): Found resource "http://localhost:1080/WebTours/images/itinerary.gif" in HTML "http://localhost:1080/cgi-bin/nav.pl?page=menu&in=flights"  	[MsgId: MMSG-26659]
Search.c(20): Found resource "http://localhost:1080/WebTours/images/home.gif" in HTML "http://localhost:1080/cgi-bin/nav.pl?page=menu&in=flights"  	[MsgId: MMSG-26659]
Search.c(20): Found resource "http://localhost:1080/WebTours/images/signoff.gif" in HTML "http://localhost:1080/cgi-bin/nav.pl?page=menu&in=flights"  	[MsgId: MMSG-26659]
Search.c(20): Notify: Saving Parameter "depart_1 = Frankfurt".	[MsgId: MMSG-13798]
Search.c(20): Notify: Saving Parameter "arrive_1 = Frankfurt".	[MsgId: MMSG-13798]
Search.c(20): Notify: Saving Parameter "depart_2 = London".	[MsgId: MMSG-13798]
Search.c(20): Notify: Saving Parameter "arrive_2 = London".	[MsgId: MMSG-13798]
Search.c(20): Notify: Saving Parameter "depart_3 = Los Angeles".	[MsgId: MMSG-13798]
Search.c(20): Notify: Saving Parameter "arrive_3 = Los Angeles".	[MsgId: MMSG-13798]
Search.c(20): Notify: Saving Parameter "depart_4 = Paris".	[MsgId: MMSG-13798]
Search.c(20): Notify: Saving Parameter "arrive_4 = Paris".	[MsgId: MMSG-13798]
Search.c(20): Notify: Saving Parameter "depart_5 = Portland".	[MsgId: MMSG-13798]
Search.c(20): Notify: Saving Parameter "arrive_5 = Portland".	[MsgId: MMSG-13798]
Search.c(20): Notify: Saving Parameter "depart_6 = San Francisco".	[MsgId: MMSG-13798]
Search.c(20): Notify: Saving Parameter "arrive_6 = San Francisco".	[MsgId: MMSG-13798]
Search.c(20): Notify: Saving Parameter "depart_7 = Seattle".	[MsgId: MMSG-13798]
Search.c(20): Notify: Saving Parameter "arrive_7 = Seattle".	[MsgId: MMSG-13798]
Search.c(20): Notify: Saving Parameter "depart_8 = Sydney".	[MsgId: MMSG-13798]
Search.c(20): Notify: Saving Parameter "arrive_8 = Sydney".	[MsgId: MMSG-13798]
Search.c(20): Notify: Saving Parameter "depart_9 = Zurich".	[MsgId: MMSG-13798]
Search.c(20): Notify: Saving Parameter "arrive_9 = Zurich".	[MsgId: MMSG-13798]
Search.c(20): Notify: Saving Parameter "depart_10 = Frankfurt".	[MsgId: MMSG-13798]
Search.c(20): Notify: Saving Parameter "arrive_10 = Frankfurt".	[MsgId: MMSG-13798]
Search.c(20): Notify: Saving Parameter "depart_11 = London".	[MsgId: MMSG-13798]
Search.c(20): Notify: Saving Parameter "arrive_11 = London".	[MsgId: MMSG-13798]
Search.c(20): Notify: Saving Parameter "depart_12 = Los Angeles".	[MsgId: MMSG-13798]
Search.c(20): Notify: Saving Parameter "arrive_12 = Los Angeles".	[MsgId: MMSG-13798]
Search.c(20): Notify: Saving Parameter "depart_13 = Paris".	[MsgId: MMSG-13798]
Search.c(20): Notify: Saving Parameter "arrive_13 = Paris".	[MsgId: MMSG-13798]
Search.c(20): Notify: Saving Parameter "depart_14 = Portland".	[MsgId: MMSG-13798]
Search.c(20): Notify: Saving Parameter "arrive_14 = Portland".	[MsgId: MMSG-13798]
Search.c(20): Notify: Saving Parameter "depart_15 = San Francisco".	[MsgId: MMSG-13798]
Search.c(20): Notify: Saving Parameter "arrive_15 = San Francisco".	[MsgId: MMSG-13798]
Search.c(20): Notify: Saving Parameter "depart_16 = Seattle".	[MsgId: MMSG-13798]
Search.c(20): Notify: Saving Parameter "arrive_16 = Seattle".	[MsgId: MMSG-13798]
Search.c(20): Notify: Saving Parameter "depart_17 = Sydney".	[MsgId: MMSG-13798]
Search.c(20): Notify: Saving Parameter "arrive_17 = Sydney".	[MsgId: MMSG-13798]
Search.c(20): Notify: Saving Parameter "depart_18 = Zurich".	[MsgId: MMSG-13798]
Search.c(20): Notify: Saving Parameter "arrive_18 = Zurich".	[MsgId: MMSG-13798]
Search.c(20): Found resource "http://localhost:1080/WebTours/images/button_next.gif" in HTML "http://localhost:1080/cgi-bin/reservations.pl?page=welcome"  	[MsgId: MMSG-26659]
Search.c(20): Notify: Saving Parameter "depart_count = 18".	[MsgId: MMSG-13798]
Search.c(20): Notify: Saving Parameter "arrive_count = 18".	[MsgId: MMSG-13798]
Search.c(20): web_url("welcome.pl") was successful, 10000 body bytes, 2215 header bytes, 37 chunking overhead bytes  	[MsgId: MMSG-26385]
Search.c(30): Notify: Transaction "UC01_TR02_Flights" ended with a "Pass" status (Duration: 0,1572 Wasted Time: 0,0011).	[MsgId: MMSG-16871]
Search.c(34): Notify: Transaction "UC01_TR03_Find_Flight" started.	[MsgId: MMSG-16999]
Search.c(37): Notify: Parameter Substitution: parameter "depart_count" =  "18"	[MsgId: MMSG-13992]
Search.c(37): Notify: Parameter Substitution: parameter "depart_9" =  "Zurich"	[MsgId: MMSG-13992]
Search.c(37): Notify: Saving Parameter "RandomDepart = Zurich".	[MsgId: MMSG-13798]
Search.c(39): Notify: Parameter Substitution: parameter "arrive_count" =  "18"	[MsgId: MMSG-13992]
Search.c(39): Notify: Parameter Substitution: parameter "arrive_4" =  "Paris"	[MsgId: MMSG-13992]
Search.c(39): Notify: Saving Parameter "RandomArrive = Paris".	[MsgId: MMSG-13798]
Search.c(43): web_submit_data("reservations.pl") started  	[MsgId: MMSG-26355]
Search.c(43): Notify: Parameter Substitution: parameter "RandomDepart" =  "Zurich"	[MsgId: MMSG-13992]
Search.c(43): Notify: Parameter Substitution: parameter "RandomArrive" =  "Paris"	[MsgId: MMSG-13992]
Search.c(43): Resource "http://localhost:1080/WebTours/images/button_next.gif" is in the cache already and will not be downloaded again  	[MsgId: MMSG-26655]
Search.c(43): web_submit_data("reservations.pl") was successful, 2435 body bytes, 255 header bytes, 12 chunking overhead bytes  	[MsgId: MMSG-26385]
Search.c(67): Notify: Transaction "UC01_TR03_Find_Flight" ended with a "Pass" status (Duration: 0,0675).	[MsgId: MMSG-16873]
Search.c(69): lr_think_time: 30,00 seconds.	[MsgId: MMSG-15948]
Ending action Search.	[MsgId: MMSG-15918]
Starting action Search.	[MsgId: MMSG-15919]
Search.c(3): Notify: Transaction "UC01_TR02_Flights" started.	[MsgId: MMSG-16999]
Search.c(6): web_reg_save_param started  	[MsgId: MMSG-26355]
Search.c(6): Registering web_reg_save_param was successful  	[MsgId: MMSG-26390]
Search.c(13): web_reg_save_param started  	[MsgId: MMSG-26355]
Search.c(13): Registering web_reg_save_param was successful  	[MsgId: MMSG-26390]
Search.c(20): web_url("welcome.pl") started  	[MsgId: MMSG-26355]
Search.c(20): Detected non-resource "http://localhost:1080/cgi-bin/nav.pl?page=menu&in=flights" in "http://localhost:1080/cgi-bin/welcome.pl?page=search"  	[MsgId: MMSG-26574]
Search.c(20): Detected non-resource "http://localhost:1080/cgi-bin/reservations.pl?page=welcome" in "http://localhost:1080/cgi-bin/welcome.pl?page=search"  	[MsgId: MMSG-26574]
Search.c(20): Resource "http://localhost:1080/WebTours/images/in_flights.gif" is in the cache already and will not be downloaded again  	[MsgId: MMSG-26655]
Search.c(20): Resource "http://localhost:1080/WebTours/images/itinerary.gif" is in the cache already and will not be downloaded again  	[MsgId: MMSG-26655]
Search.c(20): Resource "http://localhost:1080/WebTours/images/home.gif" is in the cache already and will not be downloaded again  	[MsgId: MMSG-26655]
Search.c(20): Resource "http://localhost:1080/WebTours/images/signoff.gif" is in the cache already and will not be downloaded again  	[MsgId: MMSG-26655]
Search.c(20): Notify: Saving Parameter "depart_1 = Frankfurt".	[MsgId: MMSG-13798]
Search.c(20): Notify: Saving Parameter "arrive_1 = Frankfurt".	[MsgId: MMSG-13798]
Search.c(20): Notify: Saving Parameter "depart_2 = London".	[MsgId: MMSG-13798]
Search.c(20): Notify: Saving Parameter "arrive_2 = London".	[MsgId: MMSG-13798]
Search.c(20): Notify: Saving Parameter "depart_3 = Los Angeles".	[MsgId: MMSG-13798]
Search.c(20): Notify: Saving Parameter "arrive_3 = Los Angeles".	[MsgId: MMSG-13798]
Search.c(20): Notify: Saving Parameter "depart_4 = Paris".	[MsgId: MMSG-13798]
Search.c(20): Notify: Saving Parameter "arrive_4 = Paris".	[MsgId: MMSG-13798]
Search.c(20): Notify: Saving Parameter "depart_5 = Portland".	[MsgId: MMSG-13798]
Search.c(20): Notify: Saving Parameter "arrive_5 = Portland".	[MsgId: MMSG-13798]
Search.c(20): Notify: Saving Parameter "depart_6 = San Francisco".	[MsgId: MMSG-13798]
Search.c(20): Notify: Saving Parameter "arrive_6 = San Francisco".	[MsgId: MMSG-13798]
Search.c(20): Notify: Saving Parameter "depart_7 = Seattle".	[MsgId: MMSG-13798]
Search.c(20): Notify: Saving Parameter "arrive_7 = Seattle".	[MsgId: MMSG-13798]
Search.c(20): Notify: Saving Parameter "depart_8 = Sydney".	[MsgId: MMSG-13798]
Search.c(20): Notify: Saving Parameter "arrive_8 = Sydney".	[MsgId: MMSG-13798]
Search.c(20): Notify: Saving Parameter "depart_9 = Zurich".	[MsgId: MMSG-13798]
Search.c(20): Notify: Saving Parameter "arrive_9 = Zurich".	[MsgId: MMSG-13798]
Search.c(20): Notify: Saving Parameter "depart_10 = Frankfurt".	[MsgId: MMSG-13798]
Search.c(20): Notify: Saving Parameter "arrive_10 = Frankfurt".	[MsgId: MMSG-13798]
Search.c(20): Notify: Saving Parameter "depart_11 = London".	[MsgId: MMSG-13798]
Search.c(20): Notify: Saving Parameter "arrive_11 = London".	[MsgId: MMSG-13798]
Search.c(20): Notify: Saving Parameter "depart_12 = Los Angeles".	[MsgId: MMSG-13798]
Search.c(20): Notify: Saving Parameter "arrive_12 = Los Angeles".	[MsgId: MMSG-13798]
Search.c(20): Notify: Saving Parameter "depart_13 = Paris".	[MsgId: MMSG-13798]
Search.c(20): Notify: Saving Parameter "arrive_13 = Paris".	[MsgId: MMSG-13798]
Search.c(20): Notify: Saving Parameter "depart_14 = Portland".	[MsgId: MMSG-13798]
Search.c(20): Notify: Saving Parameter "arrive_14 = Portland".	[MsgId: MMSG-13798]
Search.c(20): Notify: Saving Parameter "depart_15 = San Francisco".	[MsgId: MMSG-13798]
Search.c(20): Notify: Saving Parameter "arrive_15 = San Francisco".	[MsgId: MMSG-13798]
Search.c(20): Notify: Saving Parameter "depart_16 = Seattle".	[MsgId: MMSG-13798]
Search.c(20): Notify: Saving Parameter "arrive_16 = Seattle".	[MsgId: MMSG-13798]
Search.c(20): Notify: Saving Parameter "depart_17 = Sydney".	[MsgId: MMSG-13798]
Search.c(20): Notify: Saving Parameter "arrive_17 = Sydney".	[MsgId: MMSG-13798]
Search.c(20): Notify: Saving Parameter "depart_18 = Zurich".	[MsgId: MMSG-13798]
Search.c(20): Notify: Saving Parameter "arrive_18 = Zurich".	[MsgId: MMSG-13798]
Search.c(20): Resource "http://localhost:1080/WebTours/images/button_next.gif" is in the cache already and will not be downloaded again  	[MsgId: MMSG-26655]
Search.c(20): Notify: Saving Parameter "depart_count = 18".	[MsgId: MMSG-13798]
Search.c(20): Notify: Saving Parameter "arrive_count = 18".	[MsgId: MMSG-13798]
Search.c(20): web_url("welcome.pl") was successful, 6344 body bytes, 728 header bytes, 37 chunking overhead bytes  	[MsgId: MMSG-26385]
Search.c(30): Notify: Transaction "UC01_TR02_Flights" ended with a "Pass" status (Duration: 0,1644 Wasted Time: 0,0022).	[MsgId: MMSG-16871]
Search.c(34): Notify: Transaction "UC01_TR03_Find_Flight" started.	[MsgId: MMSG-16999]
Search.c(37): Notify: Parameter Substitution: parameter "depart_count" =  "18"	[MsgId: MMSG-13992]
Search.c(37): Notify: Parameter Substitution: parameter "depart_2" =  "London"	[MsgId: MMSG-13992]
Search.c(37): Notify: Saving Parameter "RandomDepart = London".	[MsgId: MMSG-13798]
Search.c(39): Notify: Parameter Substitution: parameter "arrive_count" =  "18"	[MsgId: MMSG-13992]
Search.c(39): Notify: Parameter Substitution: parameter "arrive_1" =  "Frankfurt"	[MsgId: MMSG-13992]
Search.c(39): Notify: Saving Parameter "RandomArrive = Frankfurt".	[MsgId: MMSG-13798]
Search.c(43): web_submit_data("reservations.pl") started  	[MsgId: MMSG-26355]
Search.c(43): Notify: Parameter Substitution: parameter "RandomDepart" =  "London"	[MsgId: MMSG-13992]
Search.c(43): Notify: Parameter Substitution: parameter "RandomArrive" =  "Frankfurt"	[MsgId: MMSG-13992]
Search.c(43): Resource "http://localhost:1080/WebTours/images/button_next.gif" is in the cache already and will not be downloaded again  	[MsgId: MMSG-26655]
Search.c(43): web_submit_data("reservations.pl") was successful, 2443 body bytes, 255 header bytes, 12 chunking overhead bytes  	[MsgId: MMSG-26385]
Search.c(67): Notify: Transaction "UC01_TR03_Find_Flight" ended with a "Pass" status (Duration: 0,0778).	[MsgId: MMSG-16873]
Search.c(69): lr_think_time: 30,00 seconds.	[MsgId: MMSG-15948]
Ending action Search.	[MsgId: MMSG-15918]
Starting action Search.	[MsgId: MMSG-15919]
Search.c(3): Notify: Transaction "UC01_TR02_Flights" started.	[MsgId: MMSG-16999]
Search.c(6): web_reg_save_param started  	[MsgId: MMSG-26355]
Search.c(6): Registering web_reg_save_param was successful  	[MsgId: MMSG-26390]
Search.c(13): web_reg_save_param started  	[MsgId: MMSG-26355]
Search.c(13): Registering web_reg_save_param was successful  	[MsgId: MMSG-26390]
Search.c(20): web_url("welcome.pl") started  	[MsgId: MMSG-26355]
Search.c(20): Detected non-resource "http://localhost:1080/cgi-bin/nav.pl?page=menu&in=flights" in "http://localhost:1080/cgi-bin/welcome.pl?page=search"  	[MsgId: MMSG-26574]
Search.c(20): Detected non-resource "http://localhost:1080/cgi-bin/reservations.pl?page=welcome" in "http://localhost:1080/cgi-bin/welcome.pl?page=search"  	[MsgId: MMSG-26574]
Search.c(20): Resource "http://localhost:1080/WebTours/images/in_flights.gif" is in the cache already and will not be downloaded again  	[MsgId: MMSG-26655]
Search.c(20): Resource "http://localhost:1080/WebTours/images/itinerary.gif" is in the cache already and will not be downloaded again  	[MsgId: MMSG-26655]
Search.c(20): Resource "http://localhost:1080/WebTours/images/home.gif" is in the cache already and will not be downloaded again  	[MsgId: MMSG-26655]
Search.c(20): Resource "http://localhost:1080/WebTours/images/signoff.gif" is in the cache already and will not be downloaded again  	[MsgId: MMSG-26655]
Search.c(20): Notify: Saving Parameter "depart_1 = Frankfurt".	[MsgId: MMSG-13798]
Search.c(20): Notify: Saving Parameter "arrive_1 = Frankfurt".	[MsgId: MMSG-13798]
Search.c(20): Notify: Saving Parameter "depart_2 = London".	[MsgId: MMSG-13798]
Search.c(20): Notify: Saving Parameter "arrive_2 = London".	[MsgId: MMSG-13798]
Search.c(20): Notify: Saving Parameter "depart_3 = Los Angeles".	[MsgId: MMSG-13798]
Search.c(20): Notify: Saving Parameter "arrive_3 = Los Angeles".	[MsgId: MMSG-13798]
Search.c(20): Notify: Saving Parameter "depart_4 = Paris".	[MsgId: MMSG-13798]
Search.c(20): Notify: Saving Parameter "arrive_4 = Paris".	[MsgId: MMSG-13798]
Search.c(20): Notify: Saving Parameter "depart_5 = Portland".	[MsgId: MMSG-13798]
Search.c(20): Notify: Saving Parameter "arrive_5 = Portland".	[MsgId: MMSG-13798]
Search.c(20): Notify: Saving Parameter "depart_6 = San Francisco".	[MsgId: MMSG-13798]
Search.c(20): Notify: Saving Parameter "arrive_6 = San Francisco".	[MsgId: MMSG-13798]
Search.c(20): Notify: Saving Parameter "depart_7 = Seattle".	[MsgId: MMSG-13798]
Search.c(20): Notify: Saving Parameter "arrive_7 = Seattle".	[MsgId: MMSG-13798]
Search.c(20): Notify: Saving Parameter "depart_8 = Sydney".	[MsgId: MMSG-13798]
Search.c(20): Notify: Saving Parameter "arrive_8 = Sydney".	[MsgId: MMSG-13798]
Search.c(20): Notify: Saving Parameter "depart_9 = Zurich".	[MsgId: MMSG-13798]
Search.c(20): Notify: Saving Parameter "arrive_9 = Zurich".	[MsgId: MMSG-13798]
Search.c(20): Notify: Saving Parameter "depart_10 = Frankfurt".	[MsgId: MMSG-13798]
Search.c(20): Notify: Saving Parameter "arrive_10 = Frankfurt".	[MsgId: MMSG-13798]
Search.c(20): Notify: Saving Parameter "depart_11 = London".	[MsgId: MMSG-13798]
Search.c(20): Notify: Saving Parameter "arrive_11 = London".	[MsgId: MMSG-13798]
Search.c(20): Notify: Saving Parameter "depart_12 = Los Angeles".	[MsgId: MMSG-13798]
Search.c(20): Notify: Saving Parameter "arrive_12 = Los Angeles".	[MsgId: MMSG-13798]
Search.c(20): Notify: Saving Parameter "depart_13 = Paris".	[MsgId: MMSG-13798]
Search.c(20): Notify: Saving Parameter "arrive_13 = Paris".	[MsgId: MMSG-13798]
Search.c(20): Notify: Saving Parameter "depart_14 = Portland".	[MsgId: MMSG-13798]
Search.c(20): Notify: Saving Parameter "arrive_14 = Portland".	[MsgId: MMSG-13798]
Search.c(20): Notify: Saving Parameter "depart_15 = San Francisco".	[MsgId: MMSG-13798]
Search.c(20): Notify: Saving Parameter "arrive_15 = San Francisco".	[MsgId: MMSG-13798]
Search.c(20): Notify: Saving Parameter "depart_16 = Seattle".	[MsgId: MMSG-13798]
Search.c(20): Notify: Saving Parameter "arrive_16 = Seattle".	[MsgId: MMSG-13798]
Search.c(20): Notify: Saving Parameter "depart_17 = Sydney".	[MsgId: MMSG-13798]
Search.c(20): Notify: Saving Parameter "arrive_17 = Sydney".	[MsgId: MMSG-13798]
Search.c(20): Notify: Saving Parameter "depart_18 = Zurich".	[MsgId: MMSG-13798]
Search.c(20): Notify: Saving Parameter "arrive_18 = Zurich".	[MsgId: MMSG-13798]
Search.c(20): Resource "http://localhost:1080/WebTours/images/button_next.gif" is in the cache already and will not be downloaded again  	[MsgId: MMSG-26655]
Search.c(20): Notify: Saving Parameter "depart_count = 18".	[MsgId: MMSG-13798]
Search.c(20): Notify: Saving Parameter "arrive_count = 18".	[MsgId: MMSG-13798]
Search.c(20): web_url("welcome.pl") was successful, 6344 body bytes, 728 header bytes, 37 chunking overhead bytes  	[MsgId: MMSG-26385]
Search.c(30): Notify: Transaction "UC01_TR02_Flights" ended with a "Pass" status (Duration: 0,1940 Wasted Time: 0,0008).	[MsgId: MMSG-16871]
Search.c(34): Notify: Transaction "UC01_TR03_Find_Flight" started.	[MsgId: MMSG-16999]
Search.c(37): Notify: Parameter Substitution: parameter "depart_count" =  "18"	[MsgId: MMSG-13992]
Search.c(37): Notify: Parameter Substitution: parameter "depart_17" =  "Sydney"	[MsgId: MMSG-13992]
Search.c(37): Notify: Saving Parameter "RandomDepart = Sydney".	[MsgId: MMSG-13798]
Search.c(39): Notify: Parameter Substitution: parameter "arrive_count" =  "18"	[MsgId: MMSG-13992]
Search.c(39): Notify: Parameter Substitution: parameter "arrive_3" =  "Los Angeles"	[MsgId: MMSG-13992]
Search.c(39): Notify: Saving Parameter "RandomArrive = Los Angeles".	[MsgId: MMSG-13798]
Search.c(43): web_submit_data("reservations.pl") started  	[MsgId: MMSG-26355]
Search.c(43): Notify: Parameter Substitution: parameter "RandomDepart" =  "Sydney"	[MsgId: MMSG-13992]
Search.c(43): Notify: Parameter Substitution: parameter "RandomArrive" =  "Los Angeles"	[MsgId: MMSG-13992]
Search.c(43): Resource "http://localhost:1080/WebTours/images/button_next.gif" is in the cache already and will not be downloaded again  	[MsgId: MMSG-26655]
Search.c(43): web_submit_data("reservations.pl") was successful, 2455 body bytes, 255 header bytes, 12 chunking overhead bytes  	[MsgId: MMSG-26385]
Search.c(67): Notify: Transaction "UC01_TR03_Find_Flight" ended with a "Pass" status (Duration: 0,0590).	[MsgId: MMSG-16873]
Search.c(69): lr_think_time: 30,00 seconds.	[MsgId: MMSG-15948]
vuser_init.c(40): web_custom_request("FormDateUpdate.class") started  	[MsgId: MMSG-26355]
vuser_init.c(40): web_custom_request("FormDateUpdate.class") was successful, 0 body bytes, 309 header bytes  	[MsgId: MMSG-26386]
vuser_init.c(49): lr_think_time: 54,00 seconds.	[MsgId: MMSG-15948]
Abort was called from an action.	[MsgId: MMSG-10447]
Abort was called from an action.	[MsgId: MMSG-10447]
Vuser 4 (thread 15092), ended OK."	[MsgId: MMSG-10695]
Vuser 3 (thread 14792), ended OK."	[MsgId: MMSG-10695]
Abort was called from an action.	[MsgId: MMSG-10447]
Ending Vuser...	[MsgId: MMSG-15966]
Starting action vuser_end.	[MsgId: MMSG-15919]
Abort was called from an action.	[MsgId: MMSG-10447]
vuser_end.c(3): Notify: Transaction "UC01_TR6_Invoice" started.	[MsgId: MMSG-16999]
Ending Vuser...	[MsgId: MMSG-15966]
Starting action vuser_end.	[MsgId: MMSG-15919]
vuser_end.c(5): web_submit_data("reservations.pl_4") started  	[MsgId: MMSG-26355]
vuser_end.c(3): Notify: Transaction "UC01_TR6_Invoice" started.	[MsgId: MMSG-16999]
vuser_end.c(5): web_submit_data("reservations.pl_4") started  	[MsgId: MMSG-26355]
Abort was called from an action.	[MsgId: MMSG-10447]
Ending Vuser...	[MsgId: MMSG-15966]
Starting action vuser_end.	[MsgId: MMSG-15919]
vuser_end.c(3): Notify: Transaction "UC01_TR6_Invoice" started.	[MsgId: MMSG-16999]
vuser_end.c(5): web_submit_data("reservations.pl_4") started  	[MsgId: MMSG-26355]
vuser_end.c(5): Resource "http://localhost:1080/WebTours/images/button_next.gif" is in the cache already and will not be downloaded again  	[MsgId: MMSG-26655]
vuser_end.c(5): web_submit_data("reservations.pl_4") was successful, 4246 body bytes, 256 header bytes, 13 chunking overhead bytes  	[MsgId: MMSG-26385]
vuser_end.c(18): web_custom_request("FormDateUpdate.class_2") started  	[MsgId: MMSG-26355]
vuser_end.c(5): Resource "http://localhost:1080/WebTours/images/button_next.gif" is in the cache already and will not be downloaded again  	[MsgId: MMSG-26655]
vuser_end.c(5): web_submit_data("reservations.pl_4") was successful, 4246 body bytes, 256 header bytes, 13 chunking overhead bytes  	[MsgId: MMSG-26385]
vuser_end.c(18): web_custom_request("FormDateUpdate.class_2") started  	[MsgId: MMSG-26355]
vuser_end.c(5): Resource "http://localhost:1080/WebTours/images/button_next.gif" is in the cache already and will not be downloaded again  	[MsgId: MMSG-26655]
vuser_end.c(5): web_submit_data("reservations.pl_4") was successful, 4246 body bytes, 256 header bytes, 13 chunking overhead bytes  	[MsgId: MMSG-26385]
vuser_end.c(18): web_custom_request("FormDateUpdate.class_2") started  	[MsgId: MMSG-26355]
vuser_end.c(18): web_custom_request("FormDateUpdate.class_2") was successful, 0 body bytes, 308 header bytes  	[MsgId: MMSG-26386]
vuser_end.c(27): Notify: Transaction "UC01_TR6_Invoice" ended with a "Pass" status (Duration: 0,1234).	[MsgId: MMSG-16873]
Ending action vuser_end.	[MsgId: MMSG-15918]
Vuser Terminated.	[MsgId: MMSG-15963]
vuser_end.c(18): web_custom_request("FormDateUpdate.class_2") was successful, 0 body bytes, 308 header bytes  	[MsgId: MMSG-26386]
vuser_end.c(27): Notify: Transaction "UC01_TR6_Invoice" ended with a "Pass" status (Duration: 0,1242).	[MsgId: MMSG-16873]
Ending action vuser_end.	[MsgId: MMSG-15918]
Vuser Terminated.	[MsgId: MMSG-15963]
Vuser 1 (thread 15176), ended OK."	[MsgId: MMSG-10695]
Vuser 0 (thread 11440), ended OK."	[MsgId: MMSG-10695]
vuser_end.c(18): web_custom_request("FormDateUpdate.class_2") was successful, 0 body bytes, 308 header bytes  	[MsgId: MMSG-26386]
vuser_end.c(27): Notify: Transaction "UC01_TR6_Invoice" ended with a "Pass" status (Duration: 0,1317).	[MsgId: MMSG-16873]
Ending action vuser_end.	[MsgId: MMSG-15918]
Vuser Terminated.	[MsgId: MMSG-15963]
Vuser 2 (thread 7616), ended OK."	[MsgId: MMSG-10695]
