Virtual User Script started at: 14.04.2020 17:10:35	[MsgId: MMSG-15967]
Starting action vuser_init.	[MsgId: MMSG-15919]
Web Turbo Replay of LoadRunner 2020.0.0 for Windows 10; build 793 (íîÿ 27 2019 19:51:20)  	[MsgId: MMSG-26983]
Run mode: HTML  	[MsgId: MMSG-26993]
Replay user agent: Mozilla/5.0 (Windows NT 10.0; WOW64; Trident/7.0; rv:11.0) like Gecko  	[MsgId: MMSG-26988]
Runtime Settings file: "C:\Users\Åóûå\AppData\Local\Temp\lr5tmpdirDzP.792\lrcfgMDL.793\cfgOvV.794"  	[MsgId: MMSG-27141]
vuser_init.c(4): web_url("WebTours") started  	[MsgId: MMSG-26355]
vuser_init.c(4): Detected non-resource "http://localhost:1080/WebTours/header.html" in "http://localhost:1080/WebTours/"  	[MsgId: MMSG-26574]
vuser_init.c(4): Detected non-resource "http://localhost:1080/cgi-bin/welcome.pl?signOff=true" in "http://localhost:1080/WebTours/"  	[MsgId: MMSG-26574]
vuser_init.c(4): Found resource "http://localhost:1080/WebTours/images/hp_logo.png" in HTML "http://localhost:1080/WebTours/header.html"  	[MsgId: MMSG-26659]
vuser_init.c(4): Found resource "http://localhost:1080/WebTours/images/webtours.png" in HTML "http://localhost:1080/WebTours/header.html"  	[MsgId: MMSG-26659]
vuser_init.c(4): Detected non-resource "http://localhost:1080/cgi-bin/nav.pl?in=home" in "http://localhost:1080/cgi-bin/welcome.pl?signOff=true"  	[MsgId: MMSG-26574]
vuser_init.c(4): Detected non-resource "http://localhost:1080/WebTours/home.html" in "http://localhost:1080/cgi-bin/welcome.pl?signOff=true"  	[MsgId: MMSG-26574]
vuser_init.c(4): Found resource "http://localhost:1080/WebTours/images/mer_login.gif" in HTML "http://localhost:1080/cgi-bin/nav.pl?in=home"  	[MsgId: MMSG-26659]
vuser_init.c(4): web_url("WebTours") was successful, 10080 body bytes, 2371 header bytes, 24 chunking overhead bytes  	[MsgId: MMSG-26385]
vuser_init.c(16): web_add_cookie started  	[MsgId: MMSG-26355]
vuser_init.c(16): web_add_cookie was successful  	[MsgId: MMSG-26392]
vuser_init.c(18): web_add_cookie started  	[MsgId: MMSG-26355]
vuser_init.c(18): web_add_cookie was successful  	[MsgId: MMSG-26392]
vuser_init.c(20): web_add_cookie started  	[MsgId: MMSG-26355]
vuser_init.c(20): web_add_cookie was successful  	[MsgId: MMSG-26392]
vuser_init.c(22): web_add_header("UA-CPU") started  	[MsgId: MMSG-26355]
vuser_init.c(22): web_add_header("UA-CPU") was successful  	[MsgId: MMSG-26392]
vuser_init.c(27): web_url("iecompatviewlist.xml") started  	[MsgId: MMSG-26355]
vuser_init.c(27): web_url("iecompatviewlist.xml") was successful, 25995 body bytes, 489 header bytes  	[MsgId: MMSG-26386]
vuser_init.c(37): lr_think_time: 17,00 seconds.	[MsgId: MMSG-15948]
vuser_init.c(40): web_custom_request("FormDateUpdate.class") started  	[MsgId: MMSG-26355]
vuser_init.c(40): web_custom_request("FormDateUpdate.class") was successful, 0 body bytes, 309 header bytes  	[MsgId: MMSG-26386]
vuser_init.c(49): lr_think_time: 54,00 seconds.	[MsgId: MMSG-15948]
Virtual User Script started at: 14.04.2020 17:11:05	[MsgId: MMSG-15967]
Starting action vuser_init.	[MsgId: MMSG-15919]
Web Turbo Replay of LoadRunner 2020.0.0 for Windows 10; build 793 (íîÿ 27 2019 19:51:20)  	[MsgId: MMSG-26983]
Run mode: HTML  	[MsgId: MMSG-26993]
Replay user agent: Mozilla/5.0 (Windows NT 10.0; WOW64; Trident/7.0; rv:11.0) like Gecko  	[MsgId: MMSG-26988]
Runtime Settings file: "C:\Users\Åóûå\AppData\Local\Temp\lr5tmpdirDzP.792\lrcfgMDL.793\cfgOvV.794"  	[MsgId: MMSG-27141]
vuser_init.c(4): web_url("WebTours") started  	[MsgId: MMSG-26355]
vuser_init.c(4): Detected non-resource "http://localhost:1080/WebTours/header.html" in "http://localhost:1080/WebTours/"  	[MsgId: MMSG-26574]
vuser_init.c(4): Detected non-resource "http://localhost:1080/cgi-bin/welcome.pl?signOff=true" in "http://localhost:1080/WebTours/"  	[MsgId: MMSG-26574]
vuser_init.c(4): Found resource "http://localhost:1080/WebTours/images/hp_logo.png" in HTML "http://localhost:1080/WebTours/header.html"  	[MsgId: MMSG-26659]
vuser_init.c(4): Found resource "http://localhost:1080/WebTours/images/webtours.png" in HTML "http://localhost:1080/WebTours/header.html"  	[MsgId: MMSG-26659]
vuser_init.c(4): Detected non-resource "http://localhost:1080/cgi-bin/nav.pl?in=home" in "http://localhost:1080/cgi-bin/welcome.pl?signOff=true"  	[MsgId: MMSG-26574]
vuser_init.c(4): Detected non-resource "http://localhost:1080/WebTours/home.html" in "http://localhost:1080/cgi-bin/welcome.pl?signOff=true"  	[MsgId: MMSG-26574]
vuser_init.c(4): Found resource "http://localhost:1080/WebTours/images/mer_login.gif" in HTML "http://localhost:1080/cgi-bin/nav.pl?in=home"  	[MsgId: MMSG-26659]
vuser_init.c(4): web_url("WebTours") was successful, 10080 body bytes, 2371 header bytes, 24 chunking overhead bytes  	[MsgId: MMSG-26385]
vuser_init.c(16): web_add_cookie started  	[MsgId: MMSG-26355]
vuser_init.c(16): web_add_cookie was successful  	[MsgId: MMSG-26392]
vuser_init.c(18): web_add_cookie started  	[MsgId: MMSG-26355]
vuser_init.c(18): web_add_cookie was successful  	[MsgId: MMSG-26392]
vuser_init.c(20): web_add_cookie started  	[MsgId: MMSG-26355]
vuser_init.c(20): web_add_cookie was successful  	[MsgId: MMSG-26392]
vuser_init.c(22): web_add_header("UA-CPU") started  	[MsgId: MMSG-26355]
vuser_init.c(22): web_add_header("UA-CPU") was successful  	[MsgId: MMSG-26392]
vuser_init.c(27): web_url("iecompatviewlist.xml") started  	[MsgId: MMSG-26355]
vuser_init.c(27): web_url("iecompatviewlist.xml") was successful, 25995 body bytes, 489 header bytes  	[MsgId: MMSG-26386]
vuser_init.c(37): lr_think_time: 17,00 seconds.	[MsgId: MMSG-15948]
vuser_init.c(40): web_custom_request("FormDateUpdate.class") started  	[MsgId: MMSG-26355]
vuser_init.c(40): web_custom_request("FormDateUpdate.class") was successful, 0 body bytes, 309 header bytes  	[MsgId: MMSG-26386]
vuser_init.c(49): lr_think_time: 54,00 seconds.	[MsgId: MMSG-15948]
Virtual User Script started at: 14.04.2020 17:11:35	[MsgId: MMSG-15967]
Starting action vuser_init.	[MsgId: MMSG-15919]
Web Turbo Replay of LoadRunner 2020.0.0 for Windows 10; build 793 (íîÿ 27 2019 19:51:20)  	[MsgId: MMSG-26983]
Run mode: HTML  	[MsgId: MMSG-26993]
Replay user agent: Mozilla/5.0 (Windows NT 10.0; WOW64; Trident/7.0; rv:11.0) like Gecko  	[MsgId: MMSG-26988]
Runtime Settings file: "C:\Users\Åóûå\AppData\Local\Temp\lr5tmpdirDzP.792\lrcfgMDL.793\cfgOvV.794"  	[MsgId: MMSG-27141]
vuser_init.c(4): web_url("WebTours") started  	[MsgId: MMSG-26355]
vuser_init.c(4): Detected non-resource "http://localhost:1080/WebTours/header.html" in "http://localhost:1080/WebTours/"  	[MsgId: MMSG-26574]
vuser_init.c(4): Detected non-resource "http://localhost:1080/cgi-bin/welcome.pl?signOff=true" in "http://localhost:1080/WebTours/"  	[MsgId: MMSG-26574]
vuser_init.c(4): Found resource "http://localhost:1080/WebTours/images/hp_logo.png" in HTML "http://localhost:1080/WebTours/header.html"  	[MsgId: MMSG-26659]
vuser_init.c(4): Found resource "http://localhost:1080/WebTours/images/webtours.png" in HTML "http://localhost:1080/WebTours/header.html"  	[MsgId: MMSG-26659]
vuser_init.c(4): Detected non-resource "http://localhost:1080/cgi-bin/nav.pl?in=home" in "http://localhost:1080/cgi-bin/welcome.pl?signOff=true"  	[MsgId: MMSG-26574]
vuser_init.c(4): Detected non-resource "http://localhost:1080/WebTours/home.html" in "http://localhost:1080/cgi-bin/welcome.pl?signOff=true"  	[MsgId: MMSG-26574]
vuser_init.c(4): Found resource "http://localhost:1080/WebTours/images/mer_login.gif" in HTML "http://localhost:1080/cgi-bin/nav.pl?in=home"  	[MsgId: MMSG-26659]
vuser_init.c(4): web_url("WebTours") was successful, 10080 body bytes, 2371 header bytes, 24 chunking overhead bytes  	[MsgId: MMSG-26385]
vuser_init.c(16): web_add_cookie started  	[MsgId: MMSG-26355]
vuser_init.c(16): web_add_cookie was successful  	[MsgId: MMSG-26392]
vuser_init.c(18): web_add_cookie started  	[MsgId: MMSG-26355]
vuser_init.c(18): web_add_cookie was successful  	[MsgId: MMSG-26392]
vuser_init.c(20): web_add_cookie started  	[MsgId: MMSG-26355]
vuser_init.c(20): web_add_cookie was successful  	[MsgId: MMSG-26392]
vuser_init.c(22): web_add_header("UA-CPU") started  	[MsgId: MMSG-26355]
vuser_init.c(22): web_add_header("UA-CPU") was successful  	[MsgId: MMSG-26392]
vuser_init.c(27): web_url("iecompatviewlist.xml") started  	[MsgId: MMSG-26355]
vuser_init.c(27): web_url("iecompatviewlist.xml") was successful, 25995 body bytes, 489 header bytes  	[MsgId: MMSG-26386]
vuser_init.c(37): lr_think_time: 17,00 seconds.	[MsgId: MMSG-15948]
Abort was called from an action.	[MsgId: MMSG-10447]
Abort was called from an action.	[MsgId: MMSG-10447]
Abort was called from an action.	[MsgId: MMSG-10447]
Vuser 1 (thread 14744), ended OK."	[MsgId: MMSG-10695]
Vuser 2 (thread 6500), ended OK."	[MsgId: MMSG-10695]
Vuser 0 (thread 13488), ended OK."	[MsgId: MMSG-10695]
